Running model...
Device:        CUDA
AMP:           False (dtype: torch.bfloat16)
torch.compile: False
Test score before training: -74.5361
[[53.35721526]
 [52.19612193]
 [55.87890996]
 ...
 [49.46677167]
 [45.94992384]
 [71.62683947]]
----------------------------------------------------------------------------------------

(val) -23.3379 (test) -23.2943
New best epoch!

(val) -24.2774 (test) -24.2072

(val) -21.6316 (test) -21.5756
New best epoch!

(val) -24.1846 (test) -24.1230

(val) -23.6172 (test) -23.5637

(val) -22.3747 (test) -22.3381

(val) -24.2146 (test) -24.1640

(val) -23.0496 (test) -23.0163

(val) -23.8068 (test) -23.7612

(val) -22.3314 (test) -22.2995

(val) -19.9167 (test) -19.8738
New best epoch!

(val) -19.2482 (test) -19.2183
New best epoch!

(val) -21.0248 (test) -20.9976

(val) -20.9590 (test) -20.9297

(val) -21.4855 (test) -21.4429

(val) -21.2211 (test) -21.1906

(val) -22.4314 (test) -22.4028

(val) -21.6656 (test) -21.6356

(val) -22.9353 (test) -22.8982

(val) -23.4829 (test) -23.4380

(val) -20.4076 (test) -20.3781

(val) -20.4155 (test) -20.3963

(val) -20.4609 (test) -20.4260

(val) -22.5069 (test) -22.4861

(val) -21.1115 (test) -21.0927

(val) -20.8332 (test) -20.8116

(val) -21.8184 (test) -21.8020

(val) -21.6299 (test) -21.6051

(val) -20.6465 (test) -20.6283

(val) -21.4855 (test) -21.4775

(val) -21.3364 (test) -21.3176

(val) -21.3350 (test) -21.3266

(val) -21.7957 (test) -21.7776

(val) -21.6277 (test) -21.6175

(val) -21.4616 (test) -21.4553

(val) -22.9140 (test) -22.9019

(val) -21.0343 (test) -21.0240

(val) -20.8260 (test) -20.8182

(val) -21.4042 (test) -21.3866

(val) -20.8500 (test) -20.8398

(val) -21.0318 (test) -21.0118

(val) -20.7589 (test) -20.7432

(val) -21.4843 (test) -21.4562

(val) -21.3549 (test) -21.3347

(val) -22.5980 (test) -22.5611

(val) -22.3256 (test) -22.2948

(val) -21.0039 (test) -20.9870

(val) -22.1901 (test) -22.1414

(val) -21.2528 (test) -21.2175

(val) -20.6812 (test) -20.6455

(val) -21.6396 (test) -21.6010

(val) -22.0170 (test) -21.9677

(val) -21.3331 (test) -21.3041

(val) -22.2974 (test) -22.2512

(val) -22.0007 (test) -21.9633

(val) -22.5540 (test) -22.5301

(val) -21.9162 (test) -21.9091

(val) -21.5316 (test) -21.4830

(val) -21.5312 (test) -21.5284

(val) -21.1124 (test) -21.0836

(val) -22.5288 (test) -22.5011

(val) -21.2677 (test) -21.2657

(val) -20.4542 (test) -20.4146

(val) -21.9684 (test) -21.9459

(val) -21.4525 (test) -21.4513

(val) -21.9003 (test) -21.8715

(val) -22.0408 (test) -22.0284

(val) -21.2175 (test) -21.1716

(val) -21.8742 (test) -21.8365

(val) -21.8319 (test) -21.7886

(val) -22.1686 (test) -22.1576

(val) -21.1650 (test) -21.1248

(val) -22.6699 (test) -22.6377

(val) -22.4061 (test) -22.3644

(val) -21.4856 (test) -21.4536

(val) -21.5916 (test) -21.5648

(val) -21.5396 (test) -21.5086

(val) -21.5200 (test) -21.4800

(val) -22.3312 (test) -22.2785

(val) -21.3216 (test) -21.2773

(val) -21.9864 (test) -21.9412

(val) -21.9488 (test) -21.9028

(val) -21.2427 (test) -21.1946

(val) -21.5421 (test) -21.4958

(val) -21.7457 (test) -21.6990

(val) -22.1289 (test) -22.0806

(val) -21.6548 (test) -21.5928

(val) -21.5649 (test) -21.5032

(val) -22.2400 (test) -22.1790

(val) -22.0584 (test) -22.0127

(val) -22.8858 (test) -22.8191

(val) -22.9062 (test) -22.8411

(val) -21.6135 (test) -21.5630

(val) -21.7899 (test) -21.7307

(val) -21.7966 (test) -21.7572

(val) -22.3869 (test) -22.3218

(val) -22.7694 (test) -22.6916

(val) -21.7190 (test) -21.6599

(val) -21.9885 (test) -21.9301

(val) -21.7261 (test) -21.6660

(val) -22.5438 (test) -22.4790

(val) -21.7414 (test) -21.6709

(val) -21.3603 (test) -21.2930

(val) -22.2610 (test) -22.2031

(val) -22.1836 (test) -22.0987

(val) -22.3627 (test) -22.2838

(val) -22.4375 (test) -22.3532

(val) -22.0075 (test) -21.9342

(val) -22.4116 (test) -22.3254

(val) -22.0565 (test) -22.0029

(val) -21.9299 (test) -21.8482

(val) -21.8906 (test) -21.8073

(val) -22.4108 (test) -22.3457

(val) -22.2445 (test) -22.1533

(val) -22.3996 (test) -22.3104

(val) -21.8392 (test) -21.7583

(val) -22.6896 (test) -22.6007

(val) -22.2296 (test) -22.1372

(val) -22.1031 (test) -22.0212

(val) -22.4662 (test) -22.3989

(val) -22.0190 (test) -21.9396

(val) -21.3907 (test) -21.3054

(val) -21.9594 (test) -21.8571

(val) -21.2307 (test) -21.1308

(val) -22.7220 (test) -22.6305

(val) -21.8319 (test) -21.7262

(val) -22.8696 (test) -22.7827

(val) -21.9583 (test) -21.8556

(val) -22.4657 (test) -22.3679

(val) -22.7045 (test) -22.6202

(val) -21.8566 (test) -21.7504

(val) -22.1158 (test) -22.0262

(val) -21.9176 (test) -21.8260

(val) -22.1970 (test) -22.0925

(val) -21.3881 (test) -21.3087

(val) -22.3437 (test) -22.2331

(val) -21.5816 (test) -21.4798

(val) -22.2907 (test) -22.1756

(val) -22.0388 (test) -21.9425

(val) -21.7082 (test) -21.6198

(val) -22.4173 (test) -22.3358

(val) -22.0251 (test) -21.9327

(val) -22.4045 (test) -22.2960

(val) -22.4708 (test) -22.3782

(val) -21.9845 (test) -21.8966

(val) -22.4203 (test) -22.3157

(val) -22.1521 (test) -22.0572

(val) -22.7642 (test) -22.6821

(val) -22.3265 (test) -22.2333

(val) -21.6299 (test) -21.5485

(val) -22.3209 (test) -22.2302

(val) -22.2526 (test) -22.1541

(val) -22.3943 (test) -22.2891

(val) -21.9639 (test) -21.8797

(val) -22.0902 (test) -22.0129

(val) -22.4908 (test) -22.3983

(val) -22.1866 (test) -22.0880

(val) -21.9316 (test) -21.8341

(val) -22.4012 (test) -22.3021

(val) -22.6171 (test) -22.5114

(val) -21.7127 (test) -21.6255

(val) -22.4764 (test) -22.3877

(val) -22.7432 (test) -22.6487

(val) -22.2058 (test) -22.1039

(val) -21.2898 (test) -21.1805

(val) -21.6731 (test) -21.5622

(val) -21.5767 (test) -21.4752

(val) -22.2667 (test) -22.1377

(val) -22.5108 (test) -22.4039

(val) -21.9654 (test) -21.8587

(val) -22.3915 (test) -22.2756

(val) -22.0405 (test) -21.9165

(val) -22.1655 (test) -22.0602

(val) -22.0125 (test) -21.9142

(val) -21.5190 (test) -21.4106

(val) -22.0059 (test) -21.8972

(val) -22.7056 (test) -22.5827

(val) -22.3002 (test) -22.2006

(val) -22.3790 (test) -22.2629

(val) -22.5350 (test) -22.4247

(val) -22.3836 (test) -22.2641

(val) -21.8513 (test) -21.7450

(val) -22.4868 (test) -22.3900

(val) -22.3131 (test) -22.1995

(val) -21.8472 (test) -21.7481

(val) -22.2752 (test) -22.1646

(val) -23.2230 (test) -23.1250

(val) -23.2658 (test) -23.1647

(val) -21.8128 (test) -21.6936

(val) -22.7966 (test) -22.6927

(val) -22.1726 (test) -22.0600

(val) -21.8057 (test) -21.6991

(val) -21.3663 (test) -21.2723

(val) -22.3631 (test) -22.2555

(val) -22.1512 (test) -22.0336

(val) -22.2728 (test) -22.1467

(val) -22.5232 (test) -22.4134

(val) -22.1093 (test) -21.9977

(val) -22.0640 (test) -21.9570

(val) -22.8403 (test) -22.7136

(val) -22.0183 (test) -21.9043

(val) -22.5845 (test) -22.4623

(val) -22.8715 (test) -22.7592

(val) -22.6579 (test) -22.5363

(val) -22.5884 (test) -22.4707

(val) -22.1695 (test) -22.0557

(val) -22.4470 (test) -22.3465

(val) -22.0666 (test) -21.9600

(val) -22.6228 (test) -22.5132

(val) -22.5077 (test) -22.4155

(val) -22.5453 (test) -22.4491

(val) -22.3129 (test) -22.1988

(val) -22.1287 (test) -22.0229


Result:
{'val': -19.248177578355065, 'test': -19.21829267748569, 'epoch': 11}
{
    "RMSE": 20.49463415864931,
    "MAE": 15.279888153076172,
    "R2": 0.5348368883132935
}
Test score before training: -20.4946
