Running model...
Device:        CUDA
AMP:           False (dtype: torch.bfloat16)
torch.compile: False
Test score before training: -45.5256
[[40.67277873]
 [58.22441654]
 [37.46257212]
 ...
 [45.20918402]
 [46.65737197]
 [51.11038989]]
----------------------------------------------------------------------------------------

(val) -15.1838 (test) -15.2000
New best epoch!

(val) -16.1915 (test) -16.2245

(val) -13.8945 (test) -13.9008
New best epoch!

(val) -14.1743 (test) -14.1780

(val) -12.7639 (test) -12.7600
New best epoch!

(val) -15.1031 (test) -15.1144

(val) -13.1409 (test) -13.1470

(val) -14.1859 (test) -14.1893

(val) -14.6235 (test) -14.6277

(val) -13.4703 (test) -13.4770

(val) -14.1003 (test) -14.1094

(val) -14.7016 (test) -14.7144

(val) -14.2905 (test) -14.2956

(val) -12.8524 (test) -12.8589

(val) -13.6599 (test) -13.6735

(val) -14.0872 (test) -14.1033

(val) -14.5164 (test) -14.5471

(val) -13.7916 (test) -13.8074

(val) -13.0441 (test) -13.0657

(val) -13.9631 (test) -13.9846

(val) -14.7697 (test) -14.7896

(val) -14.1162 (test) -14.1458

(val) -14.4346 (test) -14.4648

(val) -13.7516 (test) -13.7711

(val) -14.6120 (test) -14.6413

(val) -12.8887 (test) -12.9191

(val) -13.5496 (test) -13.5796

(val) -14.9714 (test) -14.9977

(val) -12.8306 (test) -12.8509

(val) -14.6759 (test) -14.7055

(val) -12.9869 (test) -13.0162

(val) -13.8772 (test) -13.9094

(val) -14.7976 (test) -14.8294

(val) -14.0684 (test) -14.1053

(val) -14.1881 (test) -14.2219

(val) -14.5628 (test) -14.5982

(val) -14.0893 (test) -14.1221

(val) -13.8905 (test) -13.9193

(val) -14.2479 (test) -14.2841

(val) -12.9305 (test) -12.9602

(val) -12.6931 (test) -12.7168
New best epoch!

(val) -14.3622 (test) -14.4012

(val) -13.0898 (test) -13.1231

(val) -14.1753 (test) -14.2095

(val) -13.8588 (test) -13.8953

(val) -13.1362 (test) -13.1656

(val) -12.9757 (test) -13.0054

(val) -12.6000 (test) -12.6302
New best epoch!

(val) -14.0362 (test) -14.0653

(val) -13.8262 (test) -13.8631

(val) -14.0186 (test) -14.0612

(val) -13.4613 (test) -13.4991

(val) -13.7110 (test) -13.7438

(val) -13.5185 (test) -13.5492

(val) -13.3075 (test) -13.3427

(val) -13.0997 (test) -13.1375

(val) -13.1414 (test) -13.1706

(val) -13.5625 (test) -13.5974

(val) -14.4536 (test) -14.4911

(val) -13.0225 (test) -13.0496

(val) -13.6899 (test) -13.7214

(val) -12.8686 (test) -12.9017

(val) -13.4585 (test) -13.4926

(val) -13.0980 (test) -13.1298

(val) -14.0134 (test) -14.0498

(val) -12.9897 (test) -13.0198

(val) -13.4783 (test) -13.5078

(val) -13.1106 (test) -13.1408

(val) -14.2034 (test) -14.2429

(val) -12.9397 (test) -12.9747

(val) -13.2902 (test) -13.3284

(val) -13.7387 (test) -13.7695

(val) -13.5967 (test) -13.6328

(val) -13.8736 (test) -13.9076

(val) -12.7287 (test) -12.7528

(val) -13.1213 (test) -13.1527

(val) -12.8746 (test) -12.9073

(val) -13.3189 (test) -13.3502

(val) -13.6649 (test) -13.7066

(val) -12.5968 (test) -12.6313
New best epoch!

(val) -12.8888 (test) -12.9215

(val) -13.6716 (test) -13.7014

(val) -13.0945 (test) -13.1268

(val) -12.9885 (test) -13.0237

(val) -13.5479 (test) -13.5833

(val) -12.6713 (test) -12.7026

(val) -13.5598 (test) -13.5983

(val) -13.6168 (test) -13.6501

(val) -14.1103 (test) -14.1501

(val) -12.4810 (test) -12.5121
New best epoch!

(val) -13.6550 (test) -13.6913

(val) -13.6880 (test) -13.7262

(val) -13.2015 (test) -13.2386

(val) -12.6589 (test) -12.6894

(val) -12.3859 (test) -12.4159
New best epoch!

(val) -13.7031 (test) -13.7446

(val) -12.9604 (test) -12.9930

(val) -13.4796 (test) -13.5145

(val) -13.9605 (test) -14.0034

(val) -12.8098 (test) -12.8461

(val) -12.7852 (test) -12.8200

(val) -13.6951 (test) -13.7306

(val) -13.6683 (test) -13.7023

(val) -13.0320 (test) -13.0624

(val) -13.7615 (test) -13.7970

(val) -13.3976 (test) -13.4270

(val) -13.7658 (test) -13.8042

(val) -13.5525 (test) -13.5925

(val) -12.8342 (test) -12.8659

(val) -14.1127 (test) -14.1509

(val) -13.2157 (test) -13.2516

(val) -13.2108 (test) -13.2400

(val) -14.2784 (test) -14.3192

(val) -13.4940 (test) -13.5305

(val) -13.2435 (test) -13.2788

(val) -13.5198 (test) -13.5500

(val) -13.0961 (test) -13.1299

(val) -13.7883 (test) -13.8297

(val) -12.8048 (test) -12.8362

(val) -13.0396 (test) -13.0758

(val) -12.8277 (test) -12.8614

(val) -13.2802 (test) -13.3181

(val) -12.8921 (test) -12.9208

(val) -13.2420 (test) -13.2753

(val) -13.3163 (test) -13.3520

(val) -13.8020 (test) -13.8436

(val) -12.5761 (test) -12.6130

(val) -12.7822 (test) -12.8193

(val) -13.0426 (test) -13.0785

(val) -12.9777 (test) -13.0156

(val) -13.3132 (test) -13.3431

(val) -13.0881 (test) -13.1247

(val) -12.9249 (test) -12.9567

(val) -13.0334 (test) -13.0654

(val) -13.7267 (test) -13.7658

(val) -13.2924 (test) -13.3305

(val) -13.2512 (test) -13.2819

(val) -13.5068 (test) -13.5449

(val) -13.1196 (test) -13.1536

(val) -13.7006 (test) -13.7381

(val) -12.8580 (test) -12.8952

(val) -12.5783 (test) -12.6145

(val) -12.6490 (test) -12.6803

(val) -13.1583 (test) -13.1946

(val) -13.8631 (test) -13.8993

(val) -12.9048 (test) -12.9348

(val) -13.3176 (test) -13.3516

(val) -13.6061 (test) -13.6448

(val) -12.9727 (test) -13.0041

(val) -12.9955 (test) -13.0280

(val) -13.0168 (test) -13.0503

(val) -13.3540 (test) -13.3915

(val) -13.9978 (test) -14.0359

(val) -13.4388 (test) -13.4763

(val) -12.8779 (test) -12.9178

(val) -12.5659 (test) -12.5989

(val) -13.0376 (test) -13.0744

(val) -12.6427 (test) -12.6753

(val) -13.2472 (test) -13.2827

(val) -13.2823 (test) -13.3188

(val) -12.5753 (test) -12.6073

(val) -13.1080 (test) -13.1427

(val) -13.4016 (test) -13.4344

(val) -13.5893 (test) -13.6288

(val) -13.0760 (test) -13.1136

(val) -12.9657 (test) -13.0049

(val) -13.2823 (test) -13.3203

(val) -13.0400 (test) -13.0788

(val) -13.0271 (test) -13.0619

(val) -13.1344 (test) -13.1701

(val) -12.6753 (test) -12.7096

(val) -13.1571 (test) -13.1935

(val) -13.2931 (test) -13.3371

(val) -12.4589 (test) -12.4916

(val) -13.1788 (test) -13.2192

(val) -12.7094 (test) -12.7448

(val) -13.1050 (test) -13.1393

(val) -13.0960 (test) -13.1276

(val) -13.1762 (test) -13.2139

(val) -13.3408 (test) -13.3810

(val) -13.3013 (test) -13.3408

(val) -13.1227 (test) -13.1612

(val) -13.1566 (test) -13.1922

(val) -13.8202 (test) -13.8578

(val) -12.8195 (test) -12.8513

(val) -13.2770 (test) -13.3163

(val) -12.3408 (test) -12.3715
New best epoch!

(val) -13.3136 (test) -13.3454

(val) -13.0856 (test) -13.1224

(val) -13.3474 (test) -13.3860

(val) -12.7854 (test) -12.8181

(val) -12.7298 (test) -12.7649

(val) -13.4847 (test) -13.5212

(val) -13.6409 (test) -13.6746

(val) -12.6491 (test) -12.6795

(val) -13.8405 (test) -13.8758

(val) -12.4874 (test) -12.5228

(val) -13.5755 (test) -13.6159

(val) -12.9825 (test) -13.0183

(val) -13.5543 (test) -13.5923

(val) -12.8944 (test) -12.9305

(val) -13.8157 (test) -13.8578

(val) -12.6848 (test) -12.7198

(val) -13.3078 (test) -13.3415

(val) -13.4753 (test) -13.5128

(val) -13.4764 (test) -13.5127

(val) -13.8460 (test) -13.8845

(val) -13.5353 (test) -13.5792

(val) -12.9937 (test) -13.0304

(val) -13.2715 (test) -13.3087

(val) -12.8228 (test) -12.8591

(val) -13.4527 (test) -13.4867

(val) -13.5273 (test) -13.5672

(val) -12.6848 (test) -12.7175

(val) -12.8097 (test) -12.8455

(val) -12.4802 (test) -12.5152

(val) -12.6901 (test) -12.7275

(val) -13.2026 (test) -13.2381

(val) -12.9329 (test) -12.9677

(val) -13.2971 (test) -13.3320

(val) -12.8672 (test) -12.9054

(val) -12.9418 (test) -12.9788

(val) -12.9053 (test) -12.9468

(val) -12.8261 (test) -12.8634

(val) -13.5035 (test) -13.5422

(val) -13.2814 (test) -13.3211

(val) -13.0796 (test) -13.1181

(val) -12.6244 (test) -12.6614

(val) -13.5039 (test) -13.5432

(val) -13.0439 (test) -13.0878

(val) -12.9680 (test) -13.0059

(val) -13.3201 (test) -13.3599

(val) -12.9812 (test) -13.0156

(val) -13.1096 (test) -13.1434

(val) -13.2446 (test) -13.2825

(val) -14.0720 (test) -14.1154

(val) -13.1285 (test) -13.1650

(val) -13.0541 (test) -13.0944

(val) -12.9848 (test) -13.0237

(val) -12.9183 (test) -12.9538

(val) -12.5209 (test) -12.5526

(val) -13.3030 (test) -13.3411

(val) -13.3494 (test) -13.3889

(val) -13.4097 (test) -13.4486

(val) -12.1846 (test) -12.2110
New best epoch!

(val) -13.1134 (test) -13.1507

(val) -12.9788 (test) -13.0166

(val) -12.8556 (test) -12.8918

(val) -12.9876 (test) -13.0267

(val) -12.9662 (test) -12.9994

(val) -12.7015 (test) -12.7337

(val) -13.5015 (test) -13.5380

(val) -12.4686 (test) -12.5019

(val) -12.6650 (test) -12.6978

(val) -13.2817 (test) -13.3177

(val) -13.2089 (test) -13.2453

(val) -12.8420 (test) -12.8785

(val) -12.8457 (test) -12.8855

(val) -13.0536 (test) -13.0887

(val) -13.3384 (test) -13.3791

(val) -13.1174 (test) -13.1543

(val) -13.2114 (test) -13.2498

(val) -12.8534 (test) -12.8877

(val) -12.6773 (test) -12.7109

(val) -13.0162 (test) -13.0514

(val) -13.7254 (test) -13.7635

(val) -12.6691 (test) -12.7039

(val) -12.8586 (test) -12.8932

(val) -13.2132 (test) -13.2507

(val) -12.6659 (test) -12.6939

(val) -12.8424 (test) -12.8760

(val) -13.0977 (test) -13.1343

(val) -13.6519 (test) -13.6909

(val) -12.3994 (test) -12.4267

(val) -13.0784 (test) -13.1140

(val) -13.0007 (test) -13.0338

(val) -13.0045 (test) -13.0418

(val) -12.5178 (test) -12.5526

(val) -13.3735 (test) -13.4150

(val) -13.0707 (test) -13.1070

(val) -12.8554 (test) -12.8875

(val) -13.5363 (test) -13.5760

(val) -12.8763 (test) -12.9132

(val) -13.2157 (test) -13.2537

(val) -12.6825 (test) -12.7183

(val) -13.3594 (test) -13.3950

(val) -12.5379 (test) -12.5700

(val) -12.7781 (test) -12.8098

(val) -13.0461 (test) -13.0814

(val) -12.6338 (test) -12.6693

(val) -14.0479 (test) -14.0938

(val) -13.1841 (test) -13.2217

(val) -13.0301 (test) -13.0655

(val) -12.8277 (test) -12.8639

(val) -13.0908 (test) -13.1275

(val) -12.8641 (test) -12.9017

(val) -12.7566 (test) -12.7935

(val) -13.0723 (test) -13.1116

(val) -12.6503 (test) -12.6832

(val) -12.8341 (test) -12.8681

(val) -13.3808 (test) -13.4169

(val) -13.3274 (test) -13.3653

(val) -13.0909 (test) -13.1264

(val) -13.4179 (test) -13.4488

(val) -13.3083 (test) -13.3413

(val) -13.3671 (test) -13.4016

(val) -13.0890 (test) -13.1266

(val) -13.1554 (test) -13.1902

(val) -12.3563 (test) -12.3856

(val) -13.2307 (test) -13.2652

(val) -12.6102 (test) -12.6382

(val) -12.7564 (test) -12.7862

(val) -12.8686 (test) -12.9020

(val) -13.3926 (test) -13.4317

(val) -13.3573 (test) -13.3959

(val) -12.9948 (test) -13.0284

(val) -13.0463 (test) -13.0803

(val) -12.5334 (test) -12.5626

(val) -13.0876 (test) -13.1167

(val) -13.0403 (test) -13.0712

(val) -12.7094 (test) -12.7403

(val) -12.7976 (test) -12.8332

(val) -12.7356 (test) -12.7663

(val) -12.9121 (test) -12.9444

(val) -13.1763 (test) -13.2119

(val) -12.5409 (test) -12.5744

(val) -12.9675 (test) -12.9981

(val) -12.9387 (test) -12.9711

(val) -12.5137 (test) -12.5471

(val) -12.5084 (test) -12.5440

(val) -12.8461 (test) -12.8776

(val) -13.0667 (test) -13.1043

(val) -12.3588 (test) -12.3876

(val) -13.9494 (test) -13.9893

(val) -12.9565 (test) -12.9928

(val) -12.5896 (test) -12.6229

(val) -13.1976 (test) -13.2309

(val) -12.5187 (test) -12.5538

(val) -13.5907 (test) -13.6258

(val) -12.7208 (test) -12.7537

(val) -12.8355 (test) -12.8656

(val) -13.2430 (test) -13.2758

(val) -13.8686 (test) -13.9006

(val) -13.2531 (test) -13.2868

(val) -13.5653 (test) -13.6009

(val) -13.1825 (test) -13.2125

(val) -13.0403 (test) -13.0740

(val) -13.0650 (test) -13.0961

(val) -13.0023 (test) -13.0288

(val) -13.0163 (test) -13.0505

(val) -13.1643 (test) -13.1990

(val) -12.6177 (test) -12.6546

(val) -12.8752 (test) -12.9071

(val) -13.1693 (test) -13.2031

(val) -13.4345 (test) -13.4742

(val) -12.8247 (test) -12.8534

(val) -12.4675 (test) -12.4974

(val) -13.1348 (test) -13.1707

(val) -13.0892 (test) -13.1237

(val) -12.8219 (test) -12.8571

(val) -13.4153 (test) -13.4518

(val) -13.0404 (test) -13.0739

(val) -12.8403 (test) -12.8732

(val) -12.8303 (test) -12.8621

(val) -13.5025 (test) -13.5385

(val) -12.8781 (test) -12.9118

(val) -13.5003 (test) -13.5319

(val) -13.2163 (test) -13.2493

(val) -12.9802 (test) -13.0154

(val) -13.2277 (test) -13.2653

(val) -13.0050 (test) -13.0441

(val) -12.9135 (test) -12.9509

(val) -12.8879 (test) -12.9211

(val) -13.6768 (test) -13.7129

(val) -12.8307 (test) -12.8600

(val) -13.3245 (test) -13.3572

(val) -12.9834 (test) -13.0182

(val) -12.5663 (test) -12.5985

(val) -13.4038 (test) -13.4392

(val) -12.8412 (test) -12.8720

(val) -12.7820 (test) -12.8160

(val) -13.3350 (test) -13.3687

(val) -12.7791 (test) -12.8106

(val) -13.1126 (test) -13.1479

(val) -13.4118 (test) -13.4425

(val) -12.6567 (test) -12.6877

(val) -13.1046 (test) -13.1390

(val) -13.1940 (test) -13.2285

(val) -12.9564 (test) -12.9875

(val) -12.7636 (test) -12.7985

(val) -12.8752 (test) -12.9083

(val) -12.9676 (test) -13.0018

(val) -13.1269 (test) -13.1642

(val) -12.9984 (test) -13.0325

(val) -12.8997 (test) -12.9308

(val) -13.0335 (test) -13.0685

(val) -12.7786 (test) -12.8126

(val) -12.7267 (test) -12.7568

(val) -12.9693 (test) -13.0022

(val) -13.0870 (test) -13.1205

(val) -13.4977 (test) -13.5331

(val) -12.5723 (test) -12.6050

(val) -12.6341 (test) -12.6678

(val) -13.0599 (test) -13.0963

(val) -13.1869 (test) -13.2250

(val) -12.7426 (test) -12.7757

(val) -13.2050 (test) -13.2385

(val) -13.5155 (test) -13.5478

(val) -13.0705 (test) -13.1049

(val) -12.7202 (test) -12.7563

(val) -13.0961 (test) -13.1309

(val) -12.8727 (test) -12.9072

(val) -12.4950 (test) -12.5278

(val) -13.1326 (test) -13.1725

(val) -12.9273 (test) -12.9630

(val) -13.0424 (test) -13.0781

(val) -12.4280 (test) -12.4653

(val) -12.9077 (test) -12.9415

(val) -12.7795 (test) -12.8159

(val) -12.7314 (test) -12.7657

(val) -12.9174 (test) -12.9490

(val) -13.0783 (test) -13.1123

(val) -13.5625 (test) -13.5953

(val) -12.2492 (test) -12.2811

(val) -13.1265 (test) -13.1586

(val) -13.0589 (test) -13.0953

(val) -13.1975 (test) -13.2346

(val) -13.4609 (test) -13.4952

(val) -13.7492 (test) -13.7903

(val) -12.8084 (test) -12.8413

(val) -13.0781 (test) -13.1112

(val) -12.7825 (test) -12.8185

(val) -13.4920 (test) -13.5314

(val) -13.0796 (test) -13.1174

(val) -12.7053 (test) -12.7419

(val) -12.8548 (test) -12.8908

(val) -12.6804 (test) -12.7142

(val) -12.8184 (test) -12.8531

(val) -13.2257 (test) -13.2590

(val) -12.8715 (test) -12.9057

(val) -12.9767 (test) -13.0135

(val) -13.1732 (test) -13.2071

(val) -12.2379 (test) -12.2672

(val) -12.9748 (test) -13.0125

(val) -12.5872 (test) -12.6226

(val) -12.6559 (test) -12.6890


Result:
{'val': -12.1845599418511, 'test': -12.211026221286772, 'epoch': 244}
{
    "RMSE": 11.38120109132819,
    "MAE": 8.761107444763184,
    "R2": 0.6706061363220215
}
Test score before training: -11.3812
