Running model...
Device:        CUDA
AMP:           False (dtype: torch.bfloat16)
torch.compile: False
Test score before training: -37.3038
[[42.81394782]
 [33.02634243]
 [40.28591484]
 ...
 [53.32012427]
 [32.15918267]
 [33.4701842 ]]
----------------------------------------------------------------------------------------

(val) -15.4837 (test) -15.4602
New best epoch!

(val) -15.2700 (test) -15.2402
New best epoch!

(val) -11.9594 (test) -11.9709
New best epoch!

(val) -12.4871 (test) -12.4807

(val) -11.8562 (test) -11.8831
New best epoch!

(val) -14.6477 (test) -14.6308

(val) -11.9586 (test) -11.9734

(val) -12.1829 (test) -12.1864

(val) -13.4928 (test) -13.4742

(val) -15.1157 (test) -15.0959

(val) -12.0289 (test) -12.0283

(val) -13.0604 (test) -13.0563

(val) -12.7035 (test) -12.6989

(val) -12.8149 (test) -12.8190

(val) -13.9846 (test) -13.9566

(val) -12.7228 (test) -12.7054

(val) -17.8776 (test) -17.8398

(val) -14.0397 (test) -13.9945

(val) -17.0341 (test) -16.9970

(val) -13.5494 (test) -13.5246

(val) -12.3014 (test) -12.2784

(val) -11.5542 (test) -11.5489
New best epoch!

(val) -17.8148 (test) -17.7596

(val) -12.0319 (test) -12.0171

(val) -16.5584 (test) -16.5174

(val) -13.1167 (test) -13.0932

(val) -18.9675 (test) -18.9210

(val) -16.1881 (test) -16.1397

(val) -12.6103 (test) -12.5936

(val) -13.0123 (test) -12.9797

(val) -14.9601 (test) -14.9375

(val) -12.2571 (test) -12.2365

(val) -13.3830 (test) -13.3513

(val) -17.4038 (test) -17.3614

(val) -12.7921 (test) -12.7690

(val) -15.1094 (test) -15.0784

(val) -15.5224 (test) -15.4959

(val) -15.3080 (test) -15.2769

(val) -12.6543 (test) -12.6360

(val) -18.0690 (test) -18.0331

(val) -14.4426 (test) -14.4217

(val) -16.8420 (test) -16.8011

(val) -14.5993 (test) -14.5688

(val) -12.0211 (test) -12.0160

(val) -13.8582 (test) -13.8373

(val) -17.2887 (test) -17.2551

(val) -11.6126 (test) -11.6081

(val) -12.1529 (test) -12.1327

(val) -17.1203 (test) -17.0841

(val) -12.8832 (test) -12.8595

(val) -16.7224 (test) -16.6812

(val) -14.9357 (test) -14.8974

(val) -13.1900 (test) -13.1627

(val) -13.4533 (test) -13.4332

(val) -12.3581 (test) -12.3319

(val) -13.8606 (test) -13.8392

(val) -15.9314 (test) -15.8972

(val) -15.5479 (test) -15.5108

(val) -12.8238 (test) -12.8053

(val) -15.5819 (test) -15.5449

(val) -14.6039 (test) -14.5731

(val) -13.1616 (test) -13.1316

(val) -14.6079 (test) -14.5781

(val) -15.2470 (test) -15.2104

(val) -14.6036 (test) -14.5684

(val) -17.2430 (test) -17.2048

(val) -13.1343 (test) -13.1085

(val) -12.5496 (test) -12.5308

(val) -15.5243 (test) -15.4973

(val) -15.4153 (test) -15.3832

(val) -13.7879 (test) -13.7597

(val) -15.4336 (test) -15.3875

(val) -15.4512 (test) -15.4120

(val) -14.7947 (test) -14.7516

(val) -14.5590 (test) -14.5288

(val) -15.9964 (test) -15.9678

(val) -13.8175 (test) -13.7882

(val) -12.4796 (test) -12.4598

(val) -15.1969 (test) -15.1711

(val) -13.5812 (test) -13.5493

(val) -13.6287 (test) -13.5970

(val) -14.9358 (test) -14.8997

(val) -14.4394 (test) -14.4093

(val) -14.8140 (test) -14.7841

(val) -12.4279 (test) -12.4051

(val) -13.8749 (test) -13.8373

(val) -14.4325 (test) -14.3947

(val) -16.6396 (test) -16.6018

(val) -15.7068 (test) -15.6675

(val) -14.1721 (test) -14.1392

(val) -15.1789 (test) -15.1470

(val) -16.7336 (test) -16.7013

(val) -13.7699 (test) -13.7403

(val) -14.9265 (test) -14.8909

(val) -15.1180 (test) -15.0891

(val) -12.7771 (test) -12.7520

(val) -14.3421 (test) -14.3088

(val) -13.2215 (test) -13.1932

(val) -15.1005 (test) -15.0589

(val) -14.7581 (test) -14.7175

(val) -14.5956 (test) -14.5584

(val) -15.5524 (test) -15.5080

(val) -15.8230 (test) -15.7775

(val) -14.1484 (test) -14.1068

(val) -14.7289 (test) -14.6899

(val) -12.9458 (test) -12.9174

(val) -13.9852 (test) -13.9468

(val) -15.1338 (test) -15.0924

(val) -14.0708 (test) -14.0297

(val) -13.6473 (test) -13.6193

(val) -12.7349 (test) -12.7017

(val) -13.7592 (test) -13.7301

(val) -14.6390 (test) -14.5975

(val) -14.4053 (test) -14.3683

(val) -13.9624 (test) -13.9335

(val) -13.7665 (test) -13.7304

(val) -14.5945 (test) -14.5511

(val) -13.1670 (test) -13.1392

(val) -13.9965 (test) -13.9576

(val) -14.3282 (test) -14.2791

(val) -14.2008 (test) -14.1640

(val) -13.0354 (test) -12.9998

(val) -13.0536 (test) -13.0252

(val) -13.8269 (test) -13.7877

(val) -14.6398 (test) -14.5966

(val) -13.8135 (test) -13.7830

(val) -15.5014 (test) -15.4630

(val) -13.3929 (test) -13.3648

(val) -14.2921 (test) -14.2549

(val) -14.9492 (test) -14.9098

(val) -14.4773 (test) -14.4403

(val) -14.1741 (test) -14.1433

(val) -12.8087 (test) -12.7922

(val) -14.9314 (test) -14.8990

(val) -14.3015 (test) -14.2711

(val) -14.1256 (test) -14.0895

(val) -14.1599 (test) -14.1163

(val) -15.6328 (test) -15.5847

(val) -14.4267 (test) -14.3913

(val) -13.8622 (test) -13.8238

(val) -14.3979 (test) -14.3602

(val) -15.5729 (test) -15.5279

(val) -14.0250 (test) -13.9881

(val) -15.1621 (test) -15.1141

(val) -15.1212 (test) -15.0735

(val) -14.4540 (test) -14.4207

(val) -13.5832 (test) -13.5427

(val) -14.2477 (test) -14.2077

(val) -14.7367 (test) -14.6915

(val) -13.6876 (test) -13.6429

(val) -13.7287 (test) -13.6948

(val) -13.2898 (test) -13.2571

(val) -14.3487 (test) -14.3100

(val) -13.9506 (test) -13.9136

(val) -14.5835 (test) -14.5387

(val) -14.2613 (test) -14.2214

(val) -14.9559 (test) -14.9102

(val) -14.6123 (test) -14.5686

(val) -14.5581 (test) -14.5144

(val) -14.2185 (test) -14.1776

(val) -14.5471 (test) -14.5059

(val) -13.0128 (test) -12.9903

(val) -13.3696 (test) -13.3363

(val) -14.1266 (test) -14.0864

(val) -14.3168 (test) -14.2739

(val) -14.3291 (test) -14.2865

(val) -15.3539 (test) -15.3007

(val) -13.6510 (test) -13.6124

(val) -14.6561 (test) -14.6016

(val) -14.9355 (test) -14.8932

(val) -15.1947 (test) -15.1539

(val) -13.7572 (test) -13.7191

(val) -13.8728 (test) -13.8313

(val) -13.8249 (test) -13.7889

(val) -14.6105 (test) -14.5740

(val) -14.6091 (test) -14.5660

(val) -13.9816 (test) -13.9404

(val) -14.6144 (test) -14.5658

(val) -14.0953 (test) -14.0525

(val) -14.5850 (test) -14.5430

(val) -14.2705 (test) -14.2213

(val) -14.6355 (test) -14.5890

(val) -15.0495 (test) -15.0025

(val) -14.9076 (test) -14.8578

(val) -14.2100 (test) -14.1719

(val) -14.7435 (test) -14.6925

(val) -13.8908 (test) -13.8407

(val) -15.1564 (test) -15.1077

(val) -14.6281 (test) -14.5796

(val) -14.5791 (test) -14.5323

(val) -14.4972 (test) -14.4551

(val) -14.8643 (test) -14.8215

(val) -14.0801 (test) -14.0380

(val) -14.1874 (test) -14.1384

(val) -13.3817 (test) -13.3442

(val) -14.7043 (test) -14.6561

(val) -14.9538 (test) -14.9107

(val) -14.5022 (test) -14.4564

(val) -15.0053 (test) -14.9580

(val) -13.8906 (test) -13.8472

(val) -14.5525 (test) -14.5041

(val) -15.0105 (test) -14.9663

(val) -13.2069 (test) -13.1663

(val) -14.6258 (test) -14.5793

(val) -15.1273 (test) -15.0835

(val) -13.9673 (test) -13.9210

(val) -14.4392 (test) -14.3932

(val) -14.7149 (test) -14.6656

(val) -14.5298 (test) -14.4880

(val) -14.1759 (test) -14.1370

(val) -13.9912 (test) -13.9475

(val) -15.1426 (test) -15.0943

(val) -14.0604 (test) -14.0193

(val) -13.0878 (test) -13.0465

(val) -14.8169 (test) -14.7635

(val) -13.4165 (test) -13.3766

(val) -15.3993 (test) -15.3480

(val) -14.7464 (test) -14.6980

(val) -15.1244 (test) -15.0751

(val) -14.6019 (test) -14.5556

(val) -14.3659 (test) -14.3264

(val) -14.5621 (test) -14.5189

(val) -14.3349 (test) -14.2847


Result:
{'val': -11.554216706728964, 'test': -11.548931676825202, 'epoch': 21}
{
    "RMSE": 12.848201379435311,
    "MAE": 10.17424201965332,
    "R2": 0.32647788524627686
}
Test score before training: -12.8482
