Running model...
Device:        CUDA
AMP:           False (dtype: torch.bfloat16)
torch.compile: False
Test score before training: -77.6402
[[ 86.26053052]
 [ 48.15017271]
 [ 65.14610833]
 ...
 [110.35759094]
 [117.62012631]
 [ 27.38213007]]
----------------------------------------------------------------------------------------

(val) -30.7068 (test) -30.9611
New best epoch!

(val) -24.8698 (test) -24.9270
New best epoch!

(val) -24.0254 (test) -24.0639
New best epoch!

(val) -25.1235 (test) -25.1642

(val) -26.1754 (test) -26.2334

(val) -24.9854 (test) -25.0099

(val) -23.8893 (test) -23.8888
New best epoch!

(val) -26.7319 (test) -26.7023

(val) -22.6389 (test) -22.6176
New best epoch!

(val) -24.1942 (test) -24.1498

(val) -22.5407 (test) -22.4631
New best epoch!

(val) -25.2710 (test) -25.1717

(val) -24.3534 (test) -24.2579

(val) -24.7722 (test) -24.6859

(val) -27.9461 (test) -27.8089

(val) -26.4823 (test) -26.3620

(val) -26.4548 (test) -26.3187

(val) -24.4403 (test) -24.2784

(val) -24.0815 (test) -23.9439

(val) -27.0167 (test) -26.8792

(val) -32.4578 (test) -32.2828

(val) -23.7932 (test) -23.6674

(val) -23.9851 (test) -23.8124

(val) -22.3474 (test) -22.2027
New best epoch!

(val) -24.5912 (test) -24.4383

(val) -22.8981 (test) -22.7751

(val) -29.0406 (test) -28.8221

(val) -26.1238 (test) -25.9364

(val) -25.8622 (test) -25.7032

(val) -28.9581 (test) -28.7449

(val) -24.6665 (test) -24.5047

(val) -24.1922 (test) -24.0642

(val) -23.8896 (test) -23.7428

(val) -24.2107 (test) -24.0284

(val) -22.8529 (test) -22.6931

(val) -27.3778 (test) -27.1402

(val) -29.6850 (test) -29.4119

(val) -25.5852 (test) -25.4115

(val) -25.6546 (test) -25.4804

(val) -24.3407 (test) -24.1691

(val) -28.8674 (test) -28.6600

(val) -22.5178 (test) -22.3530

(val) -28.1886 (test) -28.0030

(val) -22.8797 (test) -22.7497

(val) -31.8754 (test) -31.6260

(val) -22.7484 (test) -22.5751

(val) -24.8444 (test) -24.6435

(val) -25.9860 (test) -25.7897

(val) -22.2826 (test) -22.1059
New best epoch!

(val) -26.4325 (test) -26.2209

(val) -25.5200 (test) -25.2764

(val) -27.4022 (test) -27.1244

(val) -29.0329 (test) -28.8240

(val) -25.7361 (test) -25.5499

(val) -25.2618 (test) -24.9832

(val) -26.2304 (test) -25.9918

(val) -26.0977 (test) -25.9131

(val) -23.9785 (test) -23.7796

(val) -27.4649 (test) -27.2406

(val) -26.3500 (test) -26.0976

(val) -26.9973 (test) -26.7644

(val) -26.4348 (test) -26.2328

(val) -24.3982 (test) -24.1975

(val) -26.3395 (test) -26.0926

(val) -24.6240 (test) -24.4103

(val) -27.2332 (test) -27.0357

(val) -25.1506 (test) -24.9421

(val) -24.3135 (test) -24.0863

(val) -25.1122 (test) -24.8585

(val) -27.7463 (test) -27.4417

(val) -25.0200 (test) -24.8042

(val) -26.0642 (test) -25.7832

(val) -25.3635 (test) -25.0828

(val) -26.2999 (test) -25.9870

(val) -26.7685 (test) -26.5150

(val) -26.3560 (test) -26.0339

(val) -23.7859 (test) -23.4760

(val) -25.5810 (test) -25.2960

(val) -24.0287 (test) -23.7439

(val) -23.8156 (test) -23.5441

(val) -27.4086 (test) -27.1209

(val) -25.3893 (test) -25.0936

(val) -26.3251 (test) -26.0260

(val) -27.9528 (test) -27.6056

(val) -25.1796 (test) -24.8403

(val) -25.4744 (test) -25.1667

(val) -27.5055 (test) -27.2069

(val) -25.4189 (test) -25.1098

(val) -24.1261 (test) -23.7819

(val) -26.6614 (test) -26.3100

(val) -25.4033 (test) -25.0671

(val) -26.4504 (test) -26.0858

(val) -24.4548 (test) -24.0886

(val) -25.6265 (test) -25.3110

(val) -27.3516 (test) -27.0144

(val) -25.1208 (test) -24.7639

(val) -25.2482 (test) -24.9365

(val) -26.7406 (test) -26.3865

(val) -25.0148 (test) -24.7071

(val) -25.1095 (test) -24.8001

(val) -26.3355 (test) -25.9720

(val) -28.2904 (test) -27.9503

(val) -32.0824 (test) -31.6945

(val) -25.5911 (test) -25.2732

(val) -26.4126 (test) -26.0805

(val) -23.3598 (test) -23.0431

(val) -28.1880 (test) -27.7959

(val) -26.0466 (test) -25.6695

(val) -26.2088 (test) -25.8386

(val) -26.8525 (test) -26.4529

(val) -25.0624 (test) -24.7006

(val) -28.4960 (test) -28.1077

(val) -28.2930 (test) -27.8926

(val) -30.2989 (test) -29.8933

(val) -27.8847 (test) -27.4975

(val) -26.2082 (test) -25.8308

(val) -26.5707 (test) -26.2089

(val) -25.1966 (test) -24.8476

(val) -26.9175 (test) -26.5559

(val) -26.3088 (test) -25.9376

(val) -26.5707 (test) -26.2094

(val) -27.4238 (test) -27.0436

(val) -27.6706 (test) -27.3264

(val) -26.4748 (test) -26.0865

(val) -25.4249 (test) -25.0887

(val) -26.1204 (test) -25.7794

(val) -26.5982 (test) -26.2508

(val) -27.7070 (test) -27.3454

(val) -27.1182 (test) -26.7859

(val) -26.1430 (test) -25.7903

(val) -23.8094 (test) -23.4820

(val) -27.2918 (test) -26.9135

(val) -25.8246 (test) -25.4696

(val) -25.7837 (test) -25.4214

(val) -26.4021 (test) -26.0361

(val) -26.1328 (test) -25.7930

(val) -28.3345 (test) -27.9262

(val) -26.7449 (test) -26.3776

(val) -26.7724 (test) -26.4061

(val) -25.7389 (test) -25.4058

(val) -23.5241 (test) -23.2170

(val) -25.5768 (test) -25.2412

(val) -26.3409 (test) -25.9743

(val) -26.2587 (test) -25.9252

(val) -27.1090 (test) -26.7450

(val) -24.0874 (test) -23.7955

(val) -26.1766 (test) -25.8344

(val) -26.6046 (test) -26.2460

(val) -26.5957 (test) -26.2657

(val) -25.5559 (test) -25.2086

(val) -26.8330 (test) -26.4759

(val) -27.0417 (test) -26.6675

(val) -29.2403 (test) -28.8418

(val) -29.8808 (test) -29.4850

(val) -26.2863 (test) -25.9111

(val) -27.7973 (test) -27.4431

(val) -25.5627 (test) -25.2221

(val) -26.1677 (test) -25.8107

(val) -28.0083 (test) -27.6732

(val) -27.3752 (test) -27.0206

(val) -26.3220 (test) -25.9766

(val) -28.3630 (test) -27.9631

(val) -26.4701 (test) -26.1161

(val) -26.0708 (test) -25.7608

(val) -25.8497 (test) -25.5375

(val) -25.8333 (test) -25.5262

(val) -26.4116 (test) -26.0887

(val) -26.4437 (test) -26.0738

(val) -25.5299 (test) -25.2451

(val) -26.5902 (test) -26.2395

(val) -28.7189 (test) -28.3477

(val) -26.6004 (test) -26.2264

(val) -27.1243 (test) -26.7845

(val) -26.3730 (test) -26.0546

(val) -25.6702 (test) -25.3398

(val) -27.0422 (test) -26.6559

(val) -25.0311 (test) -24.7434

(val) -27.5824 (test) -27.2267

(val) -26.2889 (test) -26.0087

(val) -23.3442 (test) -23.1119

(val) -28.0910 (test) -27.7814

(val) -27.0134 (test) -26.6827

(val) -25.4360 (test) -25.1244

(val) -23.7769 (test) -23.5214

(val) -27.0911 (test) -26.7668

(val) -25.4775 (test) -25.1678

(val) -26.6127 (test) -26.2840

(val) -27.9141 (test) -27.5822

(val) -26.4395 (test) -26.1337

(val) -25.2656 (test) -24.9716

(val) -26.7220 (test) -26.3980

(val) -28.4390 (test) -28.1000

(val) -29.2755 (test) -28.9209

(val) -26.6417 (test) -26.3058

(val) -24.4844 (test) -24.1723

(val) -27.8806 (test) -27.5668

(val) -27.5587 (test) -27.2268

(val) -25.7938 (test) -25.4551

(val) -25.4447 (test) -25.1032

(val) -25.1471 (test) -24.8330

(val) -28.6998 (test) -28.3031

(val) -27.2146 (test) -26.8382

(val) -28.1195 (test) -27.7228

(val) -27.4362 (test) -27.0912

(val) -26.6520 (test) -26.2955

(val) -26.2232 (test) -25.9098

(val) -25.5977 (test) -25.2813

(val) -26.6007 (test) -26.2610

(val) -25.0810 (test) -24.7716

(val) -27.2142 (test) -26.9033

(val) -26.0794 (test) -25.7493

(val) -27.1263 (test) -26.7654

(val) -28.1757 (test) -27.8130

(val) -25.1384 (test) -24.8369

(val) -28.1656 (test) -27.7790

(val) -23.1279 (test) -22.8488

(val) -24.9413 (test) -24.6745

(val) -29.5291 (test) -29.1659

(val) -25.1798 (test) -24.8779

(val) -27.5428 (test) -27.1902

(val) -27.1429 (test) -26.8031

(val) -26.5050 (test) -26.1706

(val) -29.1303 (test) -28.7163

(val) -27.4181 (test) -27.0640

(val) -27.4719 (test) -27.1172

(val) -24.5809 (test) -24.2688

(val) -28.0371 (test) -27.6800

(val) -25.6982 (test) -25.3572

(val) -25.0198 (test) -24.6954

(val) -27.5363 (test) -27.1698

(val) -27.9540 (test) -27.5954

(val) -24.3904 (test) -24.1011

(val) -26.6602 (test) -26.2984

(val) -28.0386 (test) -27.6492

(val) -28.2899 (test) -27.9262

(val) -25.8584 (test) -25.5641

(val) -25.4782 (test) -25.1614

(val) -27.1186 (test) -26.8090

(val) -26.7558 (test) -26.4268

(val) -24.2511 (test) -23.9604

(val) -25.0908 (test) -24.7849

(val) -26.8547 (test) -26.5278

(val) -26.9036 (test) -26.5673

(val) -26.2927 (test) -25.9670

(val) -26.3138 (test) -25.9963

(val) -27.4426 (test) -27.0981

(val) -25.4371 (test) -25.1533

(val) -24.9456 (test) -24.6812

(val) -25.5637 (test) -25.2571

(val) -26.4218 (test) -26.0864


Result:
{'val': -22.28255524095938, 'test': -22.10589222789721, 'epoch': 48}
{
    "RMSE": 23.681468507750818,
    "MAE": 17.981346130371094,
    "R2": 0.38073891401290894
}
Test score before training: -23.6815
