Running model...
Device:        CUDA
AMP:           False (dtype: torch.bfloat16)
torch.compile: False
Test score before training: -88.1588
[[129.696339  ]
 [ 62.76561887]
 [107.65322352]
 ...
 [123.35724261]
 [ 70.3333862 ]
 [ 80.41912458]]
----------------------------------------------------------------------------------------

(val) -26.8772 (test) -27.1156
New best epoch!

(val) -25.7855 (test) -26.0042
New best epoch!

(val) -29.3762 (test) -29.5486

(val) -21.6069 (test) -21.8164
New best epoch!

(val) -31.8593 (test) -32.0189

(val) -26.7404 (test) -26.9323

(val) -27.3526 (test) -27.5285

(val) -23.6127 (test) -23.7837

(val) -28.1763 (test) -28.3074

(val) -24.2149 (test) -24.4080

(val) -18.8681 (test) -19.0439
New best epoch!

(val) -24.4674 (test) -24.6514

(val) -24.4984 (test) -24.6693

(val) -21.6817 (test) -21.8547

(val) -25.6680 (test) -25.8550

(val) -25.1380 (test) -25.3157

(val) -20.6932 (test) -20.8996

(val) -28.3464 (test) -28.5284

(val) -25.4103 (test) -25.5748

(val) -23.6502 (test) -23.8528

(val) -24.9402 (test) -25.1265

(val) -20.6773 (test) -20.8800

(val) -24.5865 (test) -24.7626

(val) -20.7689 (test) -20.9981

(val) -23.0602 (test) -23.3098

(val) -19.2427 (test) -19.4601

(val) -22.2027 (test) -22.4229

(val) -18.9745 (test) -19.2070

(val) -23.6768 (test) -23.8929

(val) -22.4804 (test) -22.7278

(val) -21.0189 (test) -21.2221

(val) -23.8261 (test) -24.0602


Result:
{'val': -18.86811187564758, 'test': -19.043949093355415, 'epoch': 10}
{
    "RMSE": 19.86150319291144,
    "MAE": 14.090202331542969,
    "R2": 0.6641658544540405
}
Test score before training: -19.8615
