Running model...
Device:        CUDA
AMP:           False (dtype: torch.bfloat16)
torch.compile: False
Test score before training: -83.4757
[[ 49.81065215]
 [123.89857477]
 [ 56.25549528]
 ...
 [125.93515722]
 [ 96.01383828]
 [ 86.64276249]]
----------------------------------------------------------------------------------------

(val) -26.9262 (test) -26.7370
New best epoch!

(val) -24.6267 (test) -24.4488
New best epoch!

(val) -27.8828 (test) -27.6381

(val) -22.6593 (test) -22.4986
New best epoch!

(val) -24.8884 (test) -24.6792

(val) -22.1728 (test) -21.9806
New best epoch!

(val) -27.9110 (test) -27.6824

(val) -23.4060 (test) -23.1915

(val) -20.4894 (test) -20.3048
New best epoch!

(val) -21.2360 (test) -21.0496

(val) -25.8197 (test) -25.5920

(val) -22.6215 (test) -22.4123

(val) -26.9234 (test) -26.6768

(val) -21.5459 (test) -21.3459

(val) -18.3475 (test) -18.2052
New best epoch!

(val) -22.5473 (test) -22.3236

(val) -22.2875 (test) -22.0678

(val) -23.9432 (test) -23.7105

(val) -24.8468 (test) -24.6068

(val) -23.3958 (test) -23.1713

(val) -23.5843 (test) -23.3336

(val) -22.3009 (test) -22.0510

(val) -20.7076 (test) -20.5299

(val) -19.5945 (test) -19.3911

(val) -22.3069 (test) -22.0751

(val) -22.4955 (test) -22.2575

(val) -20.8438 (test) -20.6313

(val) -23.4552 (test) -23.2171

(val) -21.2529 (test) -21.0293

(val) -20.1735 (test) -19.9513

(val) -21.8650 (test) -21.6283

(val) -21.5460 (test) -21.3162

(val) -22.6390 (test) -22.3968

(val) -21.1187 (test) -20.9054

(val) -21.8609 (test) -21.6129

(val) -20.5621 (test) -20.3344

(val) -20.7442 (test) -20.5196

(val) -21.1032 (test) -20.8747

(val) -20.8526 (test) -20.6143

(val) -22.9568 (test) -22.7063

(val) -22.9700 (test) -22.7148

(val) -18.9249 (test) -18.7096

(val) -23.0626 (test) -22.8161

(val) -22.3697 (test) -22.1178

(val) -23.8255 (test) -23.5660

(val) -20.5997 (test) -20.3578

(val) -22.8325 (test) -22.5718

(val) -20.6051 (test) -20.3744

(val) -23.2582 (test) -23.0110

(val) -20.9005 (test) -20.6721

(val) -19.7108 (test) -19.4814

(val) -21.8223 (test) -21.5716

(val) -21.3750 (test) -21.1455

(val) -21.8371 (test) -21.6054

(val) -21.8212 (test) -21.5874

(val) -21.1539 (test) -20.9280

(val) -20.2860 (test) -20.0630

(val) -21.7236 (test) -21.5035

(val) -23.2266 (test) -22.9959

(val) -20.6904 (test) -20.4534

(val) -20.0388 (test) -19.8198

(val) -21.2671 (test) -21.0373

(val) -20.0352 (test) -19.8130

(val) -22.2950 (test) -22.0500

(val) -21.8642 (test) -21.6266

(val) -23.8931 (test) -23.6606

(val) -21.1968 (test) -20.9653

(val) -21.6912 (test) -21.4784

(val) -21.0731 (test) -20.8410

(val) -24.2577 (test) -23.9962

(val) -21.5444 (test) -21.3116

(val) -21.1631 (test) -20.9335

(val) -22.1866 (test) -21.9500

(val) -22.2834 (test) -22.0501

(val) -20.4078 (test) -20.1783

(val) -21.7494 (test) -21.5347

(val) -21.1516 (test) -20.9267

(val) -21.9698 (test) -21.7270

(val) -20.2748 (test) -20.0473

(val) -23.2430 (test) -23.0094

(val) -20.9507 (test) -20.7097

(val) -21.0221 (test) -20.7820

(val) -22.0499 (test) -21.7993

(val) -20.0634 (test) -19.8427

(val) -21.6184 (test) -21.3680

(val) -21.3846 (test) -21.1424

(val) -20.8575 (test) -20.6361

(val) -20.9109 (test) -20.6898

(val) -22.6808 (test) -22.4600

(val) -21.3438 (test) -21.1178

(val) -21.7824 (test) -21.5657

(val) -20.6067 (test) -20.3862

(val) -21.7509 (test) -21.5190

(val) -19.7722 (test) -19.5480

(val) -21.9424 (test) -21.7297

(val) -21.4605 (test) -21.2185

(val) -21.0232 (test) -20.7911

(val) -21.2645 (test) -21.0436

(val) -21.3542 (test) -21.1236

(val) -22.0634 (test) -21.8355

(val) -20.1144 (test) -19.8827

(val) -21.2765 (test) -21.0609

(val) -22.1195 (test) -21.8893

(val) -21.6314 (test) -21.3972

(val) -20.9154 (test) -20.6888

(val) -20.4448 (test) -20.2194

(val) -20.9306 (test) -20.7057

(val) -20.7083 (test) -20.4817

(val) -20.1620 (test) -19.9501

(val) -21.8868 (test) -21.6619

(val) -20.3055 (test) -20.0937

(val) -21.1182 (test) -20.8963

(val) -20.6485 (test) -20.4294

(val) -22.5815 (test) -22.3642

(val) -20.6158 (test) -20.4057

(val) -20.7355 (test) -20.5089

(val) -21.3026 (test) -21.0827

(val) -21.3362 (test) -21.1167

(val) -20.3449 (test) -20.1364

(val) -21.2803 (test) -21.0507

(val) -21.2127 (test) -20.9851

(val) -20.7780 (test) -20.5434

(val) -21.8691 (test) -21.6465

(val) -21.7757 (test) -21.5587

(val) -21.3954 (test) -21.1682

(val) -21.9179 (test) -21.7019

(val) -19.9945 (test) -19.7778

(val) -21.6231 (test) -21.4067

(val) -20.9518 (test) -20.7277

(val) -20.1233 (test) -19.9054

(val) -21.2678 (test) -21.0531

(val) -21.1116 (test) -20.8990

(val) -21.4677 (test) -21.2478

(val) -21.9907 (test) -21.7689

(val) -22.2346 (test) -22.0116

(val) -20.0056 (test) -19.7694

(val) -20.4716 (test) -20.2462

(val) -20.7860 (test) -20.5625

(val) -20.4602 (test) -20.2539

(val) -21.5192 (test) -21.3077

(val) -21.5946 (test) -21.3798

(val) -21.1534 (test) -20.9301

(val) -20.0906 (test) -19.8710

(val) -20.6291 (test) -20.4095

(val) -20.6366 (test) -20.4125

(val) -21.5733 (test) -21.3515

(val) -21.5856 (test) -21.3645

(val) -21.2880 (test) -21.0628

(val) -21.1858 (test) -20.9744

(val) -21.2923 (test) -21.0774

(val) -20.2848 (test) -20.0748

(val) -19.9411 (test) -19.7345

(val) -21.4669 (test) -21.2554

(val) -20.3970 (test) -20.1794

(val) -20.5340 (test) -20.3095

(val) -20.0039 (test) -19.7983

(val) -21.4070 (test) -21.1846

(val) -20.3181 (test) -20.1065

(val) -21.1148 (test) -20.9024

(val) -20.7180 (test) -20.5039

(val) -21.4696 (test) -21.2420

(val) -21.4976 (test) -21.2828

(val) -20.9874 (test) -20.7555

(val) -20.0198 (test) -19.8112

(val) -21.2884 (test) -21.0701

(val) -20.5215 (test) -20.3098

(val) -19.5311 (test) -19.3147

(val) -21.5307 (test) -21.3037

(val) -20.6149 (test) -20.3998

(val) -21.5734 (test) -21.3493

(val) -21.5019 (test) -21.2720

(val) -20.8648 (test) -20.6489

(val) -20.3345 (test) -20.1084

(val) -20.9633 (test) -20.7480

(val) -20.2492 (test) -20.0285

(val) -20.2602 (test) -20.0508

(val) -20.9351 (test) -20.7201

(val) -20.8128 (test) -20.6016

(val) -20.7351 (test) -20.5332

(val) -20.4722 (test) -20.2515

(val) -21.0725 (test) -20.8487

(val) -21.9000 (test) -21.6918

(val) -22.4092 (test) -22.2017

(val) -20.2030 (test) -19.9912

(val) -20.5318 (test) -20.3216

(val) -20.4534 (test) -20.2355

(val) -20.4041 (test) -20.1935

(val) -21.6114 (test) -21.4013

(val) -20.6130 (test) -20.4057

(val) -21.4302 (test) -21.2247

(val) -20.3234 (test) -20.1112

(val) -21.9255 (test) -21.7271

(val) -20.0880 (test) -19.8741

(val) -20.8183 (test) -20.6063

(val) -20.9637 (test) -20.7399

(val) -22.0947 (test) -21.8793

(val) -21.3126 (test) -21.0948

(val) -20.2556 (test) -20.0550

(val) -20.4204 (test) -20.2119

(val) -21.2334 (test) -21.0201

(val) -20.4878 (test) -20.2761

(val) -20.5987 (test) -20.3862

(val) -20.4739 (test) -20.2617

(val) -21.1579 (test) -20.9536

(val) -21.0846 (test) -20.8796

(val) -21.3936 (test) -21.1988

(val) -21.7111 (test) -21.5020

(val) -19.9261 (test) -19.7081

(val) -20.5211 (test) -20.3194

(val) -20.5181 (test) -20.3001

(val) -21.5109 (test) -21.3035

(val) -20.1728 (test) -19.9665

(val) -21.1095 (test) -20.9031

(val) -20.3384 (test) -20.1291

(val) -20.3466 (test) -20.1240

(val) -20.7727 (test) -20.5750


Result:
{'val': -18.347491167157056, 'test': -18.205241460919726, 'epoch': 14}
{
    "RMSE": 17.669078926125614,
    "MAE": 12.409236907958984,
    "R2": 0.6989248991012573
}
Test score before training: -17.6691
