Running model...
Device:        CUDA
AMP:           False (dtype: torch.bfloat16)
torch.compile: False
Test score before training: -38.0685
[[32.79124921]
 [33.36730284]
 [14.79343419]
 ...
 [20.53521151]
 [15.92352433]
 [57.68779987]]
----------------------------------------------------------------------------------------

(val) -15.2822 (test) -15.3344
New best epoch!

(val) -17.0458 (test) -17.0840

(val) -14.7261 (test) -14.7764
New best epoch!

(val) -13.5184 (test) -13.5703
New best epoch!

(val) -13.1833 (test) -13.2326
New best epoch!

(val) -15.9912 (test) -16.0124

(val) -13.9123 (test) -13.9509

(val) -13.2035 (test) -13.2507

(val) -14.6733 (test) -14.7077

(val) -14.2581 (test) -14.2887

(val) -14.4910 (test) -14.5073

(val) -12.9394 (test) -12.9726
New best epoch!

(val) -13.2062 (test) -13.2441

(val) -14.4311 (test) -14.4612

(val) -13.7164 (test) -13.7419

(val) -12.8991 (test) -12.9388
New best epoch!

(val) -14.7673 (test) -14.7876

(val) -13.4724 (test) -13.5026

(val) -13.8734 (test) -13.9053

(val) -13.4022 (test) -13.4369

(val) -13.7534 (test) -13.7788

(val) -14.2185 (test) -14.2441

(val) -12.6788 (test) -12.7207
New best epoch!

(val) -13.6887 (test) -13.7072

(val) -13.6816 (test) -13.7147

(val) -13.5016 (test) -13.5237

(val) -14.9487 (test) -14.9721

(val) -13.8236 (test) -13.8449

(val) -14.1627 (test) -14.1889

(val) -14.1325 (test) -14.1543

(val) -13.4075 (test) -13.4338

(val) -15.0082 (test) -15.0236

(val) -13.6762 (test) -13.6986

(val) -14.0641 (test) -14.0792

(val) -13.3375 (test) -13.3622

(val) -14.8078 (test) -14.8313

(val) -13.9504 (test) -13.9763

(val) -13.2371 (test) -13.2626

(val) -13.4471 (test) -13.4710

(val) -13.7133 (test) -13.7292

(val) -12.8207 (test) -12.8494

(val) -14.1170 (test) -14.1323

(val) -13.9157 (test) -13.9388

(val) -14.1818 (test) -14.2018

(val) -14.0299 (test) -14.0468

(val) -12.8252 (test) -12.8529

(val) -14.1235 (test) -14.1470

(val) -12.9306 (test) -12.9560

(val) -13.6607 (test) -13.6808

(val) -14.0803 (test) -14.0941

(val) -13.2976 (test) -13.3191

(val) -13.6017 (test) -13.6235

(val) -13.1173 (test) -13.1378

(val) -13.1709 (test) -13.1977

(val) -13.6070 (test) -13.6308

(val) -13.7637 (test) -13.7856

(val) -14.1476 (test) -14.1617

(val) -14.0734 (test) -14.0929

(val) -13.5349 (test) -13.5527

(val) -13.3141 (test) -13.3367

(val) -14.2901 (test) -14.3058

(val) -13.5024 (test) -13.5211

(val) -13.9905 (test) -14.0060

(val) -13.4697 (test) -13.4870

(val) -13.7187 (test) -13.7409

(val) -13.7071 (test) -13.7304

(val) -13.5499 (test) -13.5764

(val) -12.9439 (test) -12.9676

(val) -14.3214 (test) -14.3417

(val) -13.3074 (test) -13.3305

(val) -13.4824 (test) -13.4973

(val) -13.6762 (test) -13.6973

(val) -12.9767 (test) -13.0006

(val) -13.7474 (test) -13.7709

(val) -13.2673 (test) -13.2918

(val) -13.4926 (test) -13.5195

(val) -12.9470 (test) -12.9693

(val) -13.3505 (test) -13.3709

(val) -13.2465 (test) -13.2670

(val) -12.9501 (test) -12.9756

(val) -13.5171 (test) -13.5438

(val) -12.9839 (test) -13.0051

(val) -13.2879 (test) -13.3148

(val) -13.7484 (test) -13.7681

(val) -13.2450 (test) -13.2723

(val) -13.7306 (test) -13.7487

(val) -13.4682 (test) -13.4958

(val) -13.6932 (test) -13.7192

(val) -13.4957 (test) -13.5142

(val) -13.3153 (test) -13.3385

(val) -13.6544 (test) -13.6793

(val) -13.3967 (test) -13.4228

(val) -13.7787 (test) -13.8052

(val) -13.2854 (test) -13.3111

(val) -13.3325 (test) -13.3507

(val) -13.6823 (test) -13.7068

(val) -13.5293 (test) -13.5540

(val) -13.6547 (test) -13.6805

(val) -13.5293 (test) -13.5487

(val) -13.8104 (test) -13.8371

(val) -13.5973 (test) -13.6158

(val) -13.7820 (test) -13.8021

(val) -13.1425 (test) -13.1649

(val) -13.7203 (test) -13.7448

(val) -14.0137 (test) -14.0372

(val) -13.0882 (test) -13.1111

(val) -13.4517 (test) -13.4709

(val) -13.1728 (test) -13.1938

(val) -13.3596 (test) -13.3878

(val) -13.5637 (test) -13.5890

(val) -13.1337 (test) -13.1627

(val) -13.2433 (test) -13.2728

(val) -13.2267 (test) -13.2501

(val) -12.9532 (test) -12.9806

(val) -13.1149 (test) -13.1406

(val) -13.5034 (test) -13.5236

(val) -13.5321 (test) -13.5533

(val) -13.5279 (test) -13.5535

(val) -12.9937 (test) -13.0196

(val) -13.5268 (test) -13.5521

(val) -13.3520 (test) -13.3764

(val) -13.1896 (test) -13.2137

(val) -13.4248 (test) -13.4531

(val) -12.8476 (test) -12.8797

(val) -13.6331 (test) -13.6570

(val) -13.1724 (test) -13.1959

(val) -13.2714 (test) -13.3003

(val) -13.2926 (test) -13.3188

(val) -13.8322 (test) -13.8527

(val) -13.4031 (test) -13.4226

(val) -14.0351 (test) -14.0594

(val) -13.8066 (test) -13.8333

(val) -13.2349 (test) -13.2557

(val) -13.2531 (test) -13.2788

(val) -14.2302 (test) -14.2526

(val) -13.2050 (test) -13.2311

(val) -13.3539 (test) -13.3836

(val) -13.1680 (test) -13.1931

(val) -13.0820 (test) -13.1098

(val) -13.3289 (test) -13.3520

(val) -13.2390 (test) -13.2643

(val) -13.8357 (test) -13.8537

(val) -13.3731 (test) -13.3996

(val) -13.7451 (test) -13.7672

(val) -13.6285 (test) -13.6521

(val) -13.1670 (test) -13.1925

(val) -13.4711 (test) -13.4970

(val) -13.3146 (test) -13.3352

(val) -13.5365 (test) -13.5553

(val) -13.6947 (test) -13.7161

(val) -13.4827 (test) -13.5076

(val) -13.4669 (test) -13.4942

(val) -14.1585 (test) -14.1769

(val) -13.1695 (test) -13.1916

(val) -14.3568 (test) -14.3772

(val) -13.5185 (test) -13.5367

(val) -13.3292 (test) -13.3511

(val) -13.2474 (test) -13.2691

(val) -13.3558 (test) -13.3790

(val) -13.3027 (test) -13.3277

(val) -12.8887 (test) -12.9130

(val) -13.4632 (test) -13.4880

(val) -13.5320 (test) -13.5484

(val) -13.8215 (test) -13.8438

(val) -13.5159 (test) -13.5407

(val) -13.2551 (test) -13.2790

(val) -13.2760 (test) -13.3059

(val) -12.8244 (test) -12.8559

(val) -13.2561 (test) -13.2816

(val) -13.2711 (test) -13.2911

(val) -13.6102 (test) -13.6387

(val) -13.6403 (test) -13.6618

(val) -13.7231 (test) -13.7519

(val) -13.5221 (test) -13.5461

(val) -13.6676 (test) -13.6901

(val) -13.1674 (test) -13.1883

(val) -13.4372 (test) -13.4605

(val) -12.7799 (test) -12.8044

(val) -13.3791 (test) -13.3996

(val) -13.2818 (test) -13.2971

(val) -13.4587 (test) -13.4798

(val) -13.0313 (test) -13.0493

(val) -13.5625 (test) -13.5818

(val) -12.9015 (test) -12.9226

(val) -13.4776 (test) -13.4990

(val) -13.1929 (test) -13.2112

(val) -13.4854 (test) -13.5107

(val) -13.0766 (test) -13.0975

(val) -13.4309 (test) -13.4528

(val) -13.8140 (test) -13.8390

(val) -13.0599 (test) -13.0831

(val) -13.5219 (test) -13.5442

(val) -13.1697 (test) -13.1869

(val) -13.5469 (test) -13.5710

(val) -12.8329 (test) -12.8542

(val) -13.3346 (test) -13.3592

(val) -13.8417 (test) -13.8639

(val) -13.2452 (test) -13.2713

(val) -13.4558 (test) -13.4828

(val) -13.7381 (test) -13.7629

(val) -12.9135 (test) -12.9343

(val) -12.5212 (test) -12.5553
New best epoch!

(val) -13.2721 (test) -13.2916

(val) -13.3114 (test) -13.3335

(val) -13.6182 (test) -13.6442

(val) -13.7074 (test) -13.7302

(val) -13.2772 (test) -13.3020

(val) -13.2256 (test) -13.2509

(val) -13.4594 (test) -13.4795

(val) -13.3585 (test) -13.3764

(val) -13.4296 (test) -13.4588

(val) -13.8179 (test) -13.8385

(val) -13.4435 (test) -13.4672

(val) -13.3745 (test) -13.3928

(val) -13.0966 (test) -13.1139

(val) -13.1594 (test) -13.1813

(val) -12.9925 (test) -13.0185

(val) -12.9106 (test) -12.9341

(val) -12.9162 (test) -12.9422

(val) -13.3941 (test) -13.4142

(val) -13.4879 (test) -13.5084

(val) -13.1960 (test) -13.2198

(val) -13.6501 (test) -13.6697

(val) -12.7064 (test) -12.7270

(val) -13.1272 (test) -13.1471

(val) -12.6943 (test) -12.7157

(val) -13.2427 (test) -13.2717

(val) -13.0549 (test) -13.0812

(val) -13.4862 (test) -13.5094

(val) -13.5794 (test) -13.5961

(val) -13.3312 (test) -13.3506

(val) -13.3326 (test) -13.3576

(val) -13.3193 (test) -13.3398

(val) -13.4701 (test) -13.4920

(val) -13.0772 (test) -13.1005

(val) -13.0530 (test) -13.0753

(val) -12.8304 (test) -12.8572

(val) -13.0264 (test) -13.0559

(val) -13.3224 (test) -13.3491

(val) -13.3195 (test) -13.3390

(val) -13.4250 (test) -13.4492

(val) -13.4331 (test) -13.4547

(val) -12.9354 (test) -12.9595

(val) -13.2044 (test) -13.2290

(val) -13.2434 (test) -13.2651

(val) -13.1769 (test) -13.1998

(val) -13.5959 (test) -13.6160

(val) -12.8064 (test) -12.8324

(val) -13.7742 (test) -13.7964

(val) -12.9150 (test) -12.9429

(val) -12.9089 (test) -12.9334

(val) -13.1625 (test) -13.1856

(val) -13.5399 (test) -13.5673

(val) -13.8134 (test) -13.8370

(val) -13.1833 (test) -13.2043

(val) -13.2233 (test) -13.2477

(val) -13.5381 (test) -13.5607

(val) -12.8555 (test) -12.8754

(val) -13.5284 (test) -13.5501

(val) -12.9259 (test) -12.9509

(val) -13.4486 (test) -13.4686

(val) -13.0800 (test) -13.1017

(val) -13.1311 (test) -13.1463

(val) -13.3156 (test) -13.3355

(val) -13.2629 (test) -13.2853

(val) -12.9075 (test) -12.9285

(val) -13.2427 (test) -13.2654

(val) -13.5397 (test) -13.5637

(val) -13.2335 (test) -13.2549

(val) -13.4309 (test) -13.4543

(val) -13.6244 (test) -13.6534

(val) -13.5302 (test) -13.5535

(val) -12.9589 (test) -12.9818

(val) -13.2899 (test) -13.3157

(val) -13.0176 (test) -13.0402

(val) -13.4843 (test) -13.5079

(val) -13.2044 (test) -13.2313

(val) -13.2297 (test) -13.2503

(val) -13.8038 (test) -13.8279

(val) -13.8504 (test) -13.8771

(val) -12.9655 (test) -12.9918

(val) -13.4007 (test) -13.4238

(val) -13.5644 (test) -13.5893

(val) -13.0788 (test) -13.1054

(val) -13.3526 (test) -13.3759

(val) -13.0025 (test) -13.0282

(val) -13.0363 (test) -13.0643

(val) -13.1689 (test) -13.1889

(val) -13.4594 (test) -13.4760

(val) -13.6174 (test) -13.6390

(val) -13.0521 (test) -13.0761

(val) -12.8912 (test) -12.9129

(val) -13.0646 (test) -13.0864

(val) -13.0623 (test) -13.0911

(val) -13.6963 (test) -13.7200

(val) -13.5419 (test) -13.5559

(val) -13.7670 (test) -13.7822

(val) -12.9622 (test) -12.9847

(val) -12.9223 (test) -12.9490

(val) -13.5525 (test) -13.5714

(val) -12.9905 (test) -13.0092

(val) -12.9578 (test) -12.9793

(val) -13.3150 (test) -13.3366

(val) -12.8185 (test) -12.8432

(val) -13.3170 (test) -13.3369

(val) -13.0464 (test) -13.0711

(val) -13.1986 (test) -13.2218

(val) -13.5915 (test) -13.6161

(val) -13.6361 (test) -13.6568

(val) -13.3404 (test) -13.3635

(val) -13.1294 (test) -13.1482

(val) -13.1763 (test) -13.1991

(val) -13.2421 (test) -13.2628

(val) -13.4567 (test) -13.4729

(val) -13.7054 (test) -13.7245

(val) -12.9675 (test) -12.9947

(val) -13.2282 (test) -13.2544

(val) -13.4298 (test) -13.4566

(val) -12.9979 (test) -13.0205

(val) -13.2394 (test) -13.2665

(val) -13.4426 (test) -13.4626

(val) -13.3897 (test) -13.4142

(val) -13.3942 (test) -13.4174

(val) -12.6749 (test) -12.7073

(val) -13.2880 (test) -13.3163

(val) -12.9349 (test) -12.9563

(val) -13.3931 (test) -13.4191

(val) -13.0956 (test) -13.1253

(val) -13.5192 (test) -13.5401

(val) -13.6154 (test) -13.6337

(val) -13.4975 (test) -13.5179

(val) -13.4402 (test) -13.4601

(val) -13.2142 (test) -13.2353

(val) -13.6184 (test) -13.6405

(val) -13.4055 (test) -13.4272

(val) -13.1499 (test) -13.1652

(val) -13.1986 (test) -13.2196

(val) -12.9272 (test) -12.9474

(val) -13.1955 (test) -13.2220

(val) -13.3178 (test) -13.3383

(val) -13.6589 (test) -13.6800

(val) -13.4102 (test) -13.4347

(val) -13.4609 (test) -13.4847

(val) -13.3799 (test) -13.3977

(val) -12.9521 (test) -12.9762

(val) -12.8983 (test) -12.9240

(val) -13.5251 (test) -13.5460

(val) -13.3158 (test) -13.3381

(val) -13.1861 (test) -13.2105

(val) -13.1168 (test) -13.1378

(val) -13.8462 (test) -13.8691

(val) -13.1594 (test) -13.1789

(val) -13.3010 (test) -13.3249

(val) -13.5548 (test) -13.5769

(val) -13.2441 (test) -13.2699

(val) -13.2131 (test) -13.2336

(val) -13.1201 (test) -13.1414

(val) -13.3854 (test) -13.4119

(val) -13.4720 (test) -13.4919

(val) -13.2912 (test) -13.3136

(val) -13.2408 (test) -13.2644

(val) -12.8474 (test) -12.8698

(val) -13.4443 (test) -13.4665

(val) -13.1146 (test) -13.1369

(val) -13.3469 (test) -13.3762

(val) -13.4617 (test) -13.4880

(val) -13.5404 (test) -13.5624

(val) -13.2180 (test) -13.2404

(val) -13.3737 (test) -13.3947

(val) -13.5350 (test) -13.5557

(val) -13.3806 (test) -13.3991

(val) -12.9828 (test) -13.0048

(val) -13.9805 (test) -14.0031

(val) -13.1469 (test) -13.1754

(val) -13.0470 (test) -13.0681

(val) -13.4380 (test) -13.4607

(val) -13.0858 (test) -13.1083

(val) -13.0521 (test) -13.0746

(val) -12.9466 (test) -12.9741

(val) -13.3452 (test) -13.3731

(val) -13.6595 (test) -13.6819

(val) -13.5870 (test) -13.6094

(val) -13.0954 (test) -13.1173

(val) -13.4829 (test) -13.5105

(val) -12.8073 (test) -12.8386

(val) -13.3203 (test) -13.3459

(val) -12.8659 (test) -12.8921

(val) -13.1924 (test) -13.2097

(val) -13.3728 (test) -13.3996

(val) -12.6596 (test) -12.6842

(val) -12.6008 (test) -12.6248

(val) -13.3529 (test) -13.3753

(val) -13.0375 (test) -13.0653

(val) -13.0445 (test) -13.0687

(val) -13.2460 (test) -13.2737

(val) -13.6766 (test) -13.7013

(val) -13.2242 (test) -13.2533

(val) -13.0038 (test) -13.0300

(val) -13.2294 (test) -13.2543

(val) -13.4035 (test) -13.4281

(val) -12.9618 (test) -12.9872

(val) -13.1719 (test) -13.1977

(val) -13.1377 (test) -13.1606


Result:
{'val': -12.521240498570693, 'test': -12.555269656306795, 'epoch': 201}
{
    "RMSE": 12.279187366548834,
    "MAE": 9.614418029785156,
    "R2": 0.5766908526420593
}
Test score before training: -12.2792
