Running model...
Device:        CUDA
AMP:           False (dtype: torch.bfloat16)
torch.compile: False
Test score before training: -93.7700
[[ 80.79484041]
 [118.54304434]
 [151.63422574]
 ...
 [103.66336075]
 [ 81.47439138]
 [148.03427141]]
----------------------------------------------------------------------------------------

(val) -24.4116 (test) -24.4691
New best epoch!

(val) -23.6854 (test) -23.7379
New best epoch!

(val) -32.0335 (test) -32.0596

(val) -21.8435 (test) -21.9048
New best epoch!

(val) -25.8496 (test) -25.8799

(val) -22.8089 (test) -22.8607

(val) -22.2299 (test) -22.2667

(val) -26.2098 (test) -26.2566

(val) -25.3678 (test) -25.4027

(val) -21.5404 (test) -21.5784
New best epoch!

(val) -25.7007 (test) -25.7381

(val) -26.2398 (test) -26.2771

(val) -19.3659 (test) -19.4192
New best epoch!

(val) -21.4876 (test) -21.5227

(val) -22.0479 (test) -22.0845

(val) -22.8482 (test) -22.8845

(val) -23.0969 (test) -23.1335

(val) -23.4488 (test) -23.4850

(val) -22.9316 (test) -22.9837

(val) -26.6617 (test) -26.6840

(val) -23.9787 (test) -24.0089

(val) -20.6729 (test) -20.7080

(val) -20.3685 (test) -20.4050

(val) -21.7208 (test) -21.7427

(val) -22.8054 (test) -22.8244

(val) -23.8201 (test) -23.8364

(val) -21.2770 (test) -21.2999

(val) -24.6025 (test) -24.6183

(val) -23.4458 (test) -23.4624

(val) -22.0624 (test) -22.0784

(val) -21.1077 (test) -21.1417

(val) -23.0718 (test) -23.0721

(val) -23.2992 (test) -23.3030

(val) -20.9943 (test) -21.0167

(val) -22.9959 (test) -23.0086

(val) -21.9037 (test) -21.9166

(val) -21.9298 (test) -21.9432

(val) -24.1299 (test) -24.1213

(val) -20.8607 (test) -20.8839

(val) -21.9624 (test) -21.9740

(val) -23.0519 (test) -23.0374

(val) -23.1873 (test) -23.1840

(val) -20.1328 (test) -20.1278

(val) -21.9282 (test) -21.9417

(val) -21.7137 (test) -21.7105

(val) -21.4746 (test) -21.4976

(val) -22.3032 (test) -22.3223

(val) -22.0992 (test) -22.0935

(val) -22.0409 (test) -22.0480

(val) -21.7910 (test) -21.8044

(val) -21.5522 (test) -21.5666

(val) -22.3421 (test) -22.3402

(val) -22.1619 (test) -22.1646

(val) -22.4148 (test) -22.4088

(val) -21.8408 (test) -21.8282

(val) -20.3512 (test) -20.3518

(val) -21.9457 (test) -21.9411

(val) -22.2225 (test) -22.2365

(val) -21.9088 (test) -21.8980

(val) -21.4483 (test) -21.4596

(val) -21.7721 (test) -21.7505

(val) -21.5736 (test) -21.5618

(val) -20.5038 (test) -20.4987

(val) -21.6724 (test) -21.6523

(val) -21.7731 (test) -21.7579

(val) -21.7819 (test) -21.7695

(val) -21.3349 (test) -21.3337

(val) -21.9925 (test) -21.9799

(val) -21.2841 (test) -21.2691

(val) -22.1512 (test) -22.1656

(val) -22.2810 (test) -22.2744

(val) -21.8509 (test) -21.8293

(val) -21.8881 (test) -21.8751

(val) -22.1611 (test) -22.1538

(val) -22.8682 (test) -22.8531

(val) -21.4357 (test) -21.4303

(val) -21.8579 (test) -21.8489

(val) -22.0152 (test) -22.0176

(val) -23.0075 (test) -23.0028

(val) -21.7225 (test) -21.7218

(val) -22.3484 (test) -22.3406

(val) -21.4433 (test) -21.4306

(val) -21.8407 (test) -21.8360

(val) -21.3943 (test) -21.4008

(val) -22.3942 (test) -22.3775

(val) -22.2711 (test) -22.2578

(val) -23.2637 (test) -23.2553

(val) -22.0646 (test) -22.0663

(val) -22.5792 (test) -22.5658

(val) -21.7378 (test) -21.7361

(val) -21.0557 (test) -21.0628

(val) -21.1907 (test) -21.1847

(val) -21.6546 (test) -21.6383

(val) -22.1036 (test) -22.1215

(val) -21.3077 (test) -21.3018

(val) -22.3398 (test) -22.3308

(val) -23.0226 (test) -23.0079

(val) -22.4162 (test) -22.4196

(val) -22.3217 (test) -22.3112

(val) -22.8504 (test) -22.8482

(val) -22.3428 (test) -22.3232

(val) -22.2810 (test) -22.2597

(val) -21.7745 (test) -21.7725

(val) -21.7551 (test) -21.7406

(val) -21.7631 (test) -21.7569

(val) -22.0197 (test) -22.0103

(val) -22.2807 (test) -22.2763

(val) -21.7219 (test) -21.7099

(val) -22.2645 (test) -22.2751

(val) -22.5263 (test) -22.5114

(val) -22.5155 (test) -22.5149

(val) -22.1988 (test) -22.1768

(val) -21.6705 (test) -21.6713

(val) -22.0623 (test) -22.0719

(val) -21.8487 (test) -21.8463

(val) -21.1508 (test) -21.1540

(val) -21.3530 (test) -21.3396

(val) -22.1856 (test) -22.1819

(val) -22.7743 (test) -22.7615

(val) -22.4124 (test) -22.4013

(val) -22.6976 (test) -22.6854

(val) -22.1746 (test) -22.1728

(val) -22.4924 (test) -22.4842

(val) -22.2325 (test) -22.2149

(val) -22.1000 (test) -22.0912

(val) -21.8997 (test) -21.9014

(val) -21.6596 (test) -21.6569

(val) -21.3491 (test) -21.3604

(val) -21.6605 (test) -21.6580

(val) -21.8159 (test) -21.8280

(val) -21.8813 (test) -21.9051

(val) -22.7661 (test) -22.7757

(val) -22.0280 (test) -22.0225

(val) -21.9221 (test) -21.9259

(val) -22.3544 (test) -22.3677

(val) -21.7363 (test) -21.7373

(val) -22.5526 (test) -22.5586

(val) -22.6152 (test) -22.6170

(val) -22.0703 (test) -22.0647

(val) -21.8431 (test) -21.8468

(val) -21.3540 (test) -21.3599

(val) -22.3050 (test) -22.3248

(val) -22.3163 (test) -22.3237

(val) -22.0605 (test) -22.0605

(val) -22.2740 (test) -22.2685

(val) -22.4942 (test) -22.5113

(val) -22.8792 (test) -22.8792

(val) -22.2730 (test) -22.2933

(val) -21.8358 (test) -21.8325

(val) -22.5596 (test) -22.5675

(val) -22.2945 (test) -22.2836

(val) -21.5108 (test) -21.5195

(val) -22.2749 (test) -22.2900

(val) -22.1186 (test) -22.1378

(val) -22.2508 (test) -22.2612

(val) -21.8804 (test) -21.8949

(val) -21.5933 (test) -21.6243

(val) -21.9554 (test) -21.9708

(val) -21.8138 (test) -21.8329

(val) -22.1825 (test) -22.1899

(val) -22.7012 (test) -22.6992

(val) -21.8682 (test) -21.8894

(val) -21.9569 (test) -21.9731

(val) -22.7508 (test) -22.7493

(val) -22.1324 (test) -22.1398

(val) -21.9379 (test) -21.9456

(val) -21.5990 (test) -21.6128

(val) -22.0110 (test) -22.0312

(val) -22.1624 (test) -22.1718

(val) -21.8375 (test) -21.8557

(val) -21.9400 (test) -21.9741

(val) -21.9984 (test) -22.0166

(val) -23.2648 (test) -23.2679

(val) -22.3921 (test) -22.4099

(val) -21.4453 (test) -21.4610

(val) -22.1804 (test) -22.1889

(val) -21.4825 (test) -21.5080

(val) -22.2689 (test) -22.2711

(val) -22.6154 (test) -22.6255

(val) -22.5350 (test) -22.5426

(val) -22.3830 (test) -22.3865

(val) -21.1982 (test) -21.2195

(val) -23.0054 (test) -23.0079

(val) -22.7830 (test) -22.7750

(val) -22.0168 (test) -22.0326

(val) -22.2995 (test) -22.3038

(val) -21.6551 (test) -21.6762

(val) -21.8708 (test) -21.8757

(val) -22.7485 (test) -22.7493

(val) -22.2162 (test) -22.2239

(val) -22.7459 (test) -22.7478

(val) -22.1974 (test) -22.2136

(val) -22.0415 (test) -22.0570

(val) -22.3211 (test) -22.3324

(val) -22.3671 (test) -22.3637

(val) -21.8012 (test) -21.8115

(val) -22.4052 (test) -22.4053

(val) -22.0655 (test) -22.0902

(val) -22.1433 (test) -22.1526

(val) -21.6170 (test) -21.6251

(val) -21.5527 (test) -21.5683

(val) -22.2580 (test) -22.2686

(val) -22.6106 (test) -22.6255

(val) -21.8353 (test) -21.8537

(val) -21.9189 (test) -21.9298

(val) -21.6154 (test) -21.6130

(val) -22.0246 (test) -22.0342

(val) -22.5683 (test) -22.5751

(val) -21.9704 (test) -21.9761

(val) -22.2495 (test) -22.2559

(val) -22.4317 (test) -22.4341

(val) -21.9215 (test) -21.9356

(val) -22.3482 (test) -22.3525

(val) -21.8783 (test) -21.8851


Result:
{'val': -19.36588826193697, 'test': -19.41919182114251, 'epoch': 12}
{
    "RMSE": 17.717518489500193,
    "MAE": 12.526561737060547,
    "R2": 0.7423385381698608
}
Test score before training: -17.7175
