Running model...
Device:        CUDA
AMP:           False (dtype: torch.bfloat16)
torch.compile: False
Test score before training: -37.3029
[[42.81294782]
 [33.02534243]
 [40.28491484]
 ...
 [53.31912427]
 [32.15818267]
 [33.4691842 ]]
----------------------------------------------------------------------------------------

(val) -15.4827 (test) -15.4588
New best epoch!

(val) -15.2607 (test) -15.2312
New best epoch!

(val) -11.9493 (test) -11.9616
New best epoch!

(val) -12.4793 (test) -12.4735

(val) -11.8672 (test) -11.8944
New best epoch!

(val) -14.6470 (test) -14.6292

(val) -11.9593 (test) -11.9742

(val) -12.1910 (test) -12.1924

(val) -13.5830 (test) -13.5619

(val) -15.1015 (test) -15.0790

(val) -12.0362 (test) -12.0339

(val) -13.0395 (test) -13.0330

(val) -12.7614 (test) -12.7545

(val) -12.8227 (test) -12.8254

(val) -13.9658 (test) -13.9369

(val) -12.7050 (test) -12.6894

(val) -17.7647 (test) -17.7282

(val) -14.0178 (test) -13.9746

(val) -17.0357 (test) -17.0066

(val) -13.6627 (test) -13.6431

(val) -12.2520 (test) -12.2357

(val) -11.5760 (test) -11.5737
New best epoch!

(val) -18.1803 (test) -18.1306

(val) -11.9540 (test) -11.9467

(val) -16.5946 (test) -16.5607

(val) -12.9594 (test) -12.9465

(val) -19.2069 (test) -19.1665

(val) -16.0195 (test) -15.9780

(val) -12.6543 (test) -12.6419

(val) -12.8530 (test) -12.8328

(val) -14.8335 (test) -14.8129

(val) -12.2497 (test) -12.2281

(val) -13.6069 (test) -13.5800

(val) -17.6911 (test) -17.6537

(val) -13.2084 (test) -13.1871

(val) -15.5660 (test) -15.5301

(val) -15.5342 (test) -15.5068

(val) -15.4976 (test) -15.4619

(val) -12.5445 (test) -12.5258

(val) -17.9265 (test) -17.8861

(val) -14.1451 (test) -14.1248

(val) -16.7552 (test) -16.7117

(val) -14.7110 (test) -14.6813

(val) -12.0276 (test) -12.0218

(val) -13.6250 (test) -13.6105

(val) -17.2368 (test) -17.2051

(val) -11.6735 (test) -11.6753

(val) -12.0321 (test) -12.0143

(val) -17.0474 (test) -17.0013

(val) -12.7961 (test) -12.7719

(val) -17.1108 (test) -17.0727

(val) -14.9299 (test) -14.9068

(val) -13.1884 (test) -13.1710

(val) -13.6471 (test) -13.6407

(val) -12.3933 (test) -12.3860

(val) -13.8894 (test) -13.8706

(val) -15.8527 (test) -15.8232

(val) -16.1193 (test) -16.0911

(val) -13.0029 (test) -12.9933

(val) -15.1455 (test) -15.1280

(val) -14.6082 (test) -14.5915

(val) -12.9416 (test) -12.9326

(val) -14.7880 (test) -14.7718

(val) -15.3237 (test) -15.3009

(val) -14.4881 (test) -14.4666

(val) -16.8528 (test) -16.8343

(val) -13.0160 (test) -13.0040

(val) -12.6287 (test) -12.6193

(val) -15.5489 (test) -15.5384

(val) -15.2575 (test) -15.2341

(val) -13.9532 (test) -13.9386

(val) -15.2788 (test) -15.2503

(val) -15.5362 (test) -15.5095

(val) -14.6977 (test) -14.6795

(val) -14.2186 (test) -14.2086

(val) -16.0990 (test) -16.0880

(val) -13.7407 (test) -13.7252

(val) -12.8671 (test) -12.8532

(val) -15.0540 (test) -15.0467

(val) -13.7383 (test) -13.7255

(val) -13.5400 (test) -13.5316

(val) -14.8950 (test) -14.8850

(val) -14.3691 (test) -14.3621

(val) -14.4259 (test) -14.4167

(val) -12.4159 (test) -12.4141

(val) -14.1247 (test) -14.1118

(val) -14.2837 (test) -14.2702

(val) -17.3266 (test) -17.3065

(val) -15.6660 (test) -15.6529

(val) -14.1927 (test) -14.1752

(val) -14.8992 (test) -14.8905

(val) -16.5446 (test) -16.5393

(val) -13.7968 (test) -13.7910

(val) -15.1400 (test) -15.1212

(val) -14.8691 (test) -14.8606

(val) -12.8327 (test) -12.8288

(val) -14.3141 (test) -14.2992

(val) -13.2352 (test) -13.2276

(val) -14.9894 (test) -14.9720

(val) -14.5494 (test) -14.5305

(val) -14.2122 (test) -14.2019

(val) -15.2819 (test) -15.2622

(val) -15.8571 (test) -15.8348

(val) -14.3813 (test) -14.3642

(val) -14.5705 (test) -14.5501

(val) -12.8707 (test) -12.8612

(val) -13.9579 (test) -13.9435

(val) -15.0589 (test) -15.0451

(val) -14.1253 (test) -14.1149

(val) -13.7532 (test) -13.7462

(val) -12.8889 (test) -12.8799

(val) -13.7833 (test) -13.7748

(val) -14.6928 (test) -14.6806

(val) -14.1901 (test) -14.1777

(val) -13.6452 (test) -13.6457

(val) -13.6152 (test) -13.6033

(val) -14.5282 (test) -14.5095

(val) -13.0631 (test) -13.0595

(val) -14.1850 (test) -14.1803

(val) -14.1223 (test) -14.1076

(val) -14.2995 (test) -14.2935

(val) -13.0024 (test) -12.9906

(val) -12.8693 (test) -12.8679

(val) -13.6005 (test) -13.5895

(val) -14.3634 (test) -14.3494

(val) -13.5298 (test) -13.5201

(val) -15.5865 (test) -15.5772

(val) -13.4761 (test) -13.4628

(val) -14.1192 (test) -14.1076

(val) -14.9703 (test) -14.9652

(val) -14.5853 (test) -14.5765

(val) -14.2306 (test) -14.2243

(val) -12.9088 (test) -12.9110

(val) -15.1285 (test) -15.1255

(val) -14.3212 (test) -14.3153

(val) -14.3797 (test) -14.3717

(val) -14.0429 (test) -14.0367

(val) -15.5817 (test) -15.5660

(val) -14.2829 (test) -14.2807

(val) -13.8103 (test) -13.8058

(val) -14.4188 (test) -14.4109

(val) -15.3667 (test) -15.3569

(val) -13.9261 (test) -13.9228

(val) -14.7939 (test) -14.7834

(val) -14.9720 (test) -14.9572

(val) -14.5356 (test) -14.5239

(val) -13.5516 (test) -13.5379

(val) -14.1774 (test) -14.1660

(val) -14.7208 (test) -14.7113

(val) -13.5422 (test) -13.5258

(val) -13.7204 (test) -13.7111

(val) -13.3067 (test) -13.2972

(val) -14.1824 (test) -14.1678

(val) -14.1150 (test) -14.1004

(val) -14.4812 (test) -14.4657

(val) -14.2986 (test) -14.2856

(val) -14.8618 (test) -14.8511

(val) -14.4942 (test) -14.4757

(val) -14.5515 (test) -14.5295

(val) -14.3540 (test) -14.3313

(val) -14.5209 (test) -14.5050

(val) -12.9192 (test) -12.9113

(val) -13.2947 (test) -13.2769

(val) -13.8906 (test) -13.8796

(val) -14.1464 (test) -14.1390

(val) -14.1824 (test) -14.1725

(val) -15.2533 (test) -15.2389

(val) -13.4066 (test) -13.3968

(val) -14.4882 (test) -14.4751

(val) -14.6685 (test) -14.6565

(val) -15.1200 (test) -15.1080

(val) -13.6801 (test) -13.6650

(val) -14.0116 (test) -13.9987

(val) -13.8672 (test) -13.8593

(val) -14.3215 (test) -14.3104

(val) -14.6760 (test) -14.6541

(val) -13.9075 (test) -13.8919

(val) -14.5791 (test) -14.5600

(val) -14.1021 (test) -14.0881

(val) -14.4979 (test) -14.4883

(val) -14.1942 (test) -14.1772

(val) -14.5445 (test) -14.5235

(val) -14.9765 (test) -14.9601

(val) -14.9685 (test) -14.9566

(val) -14.4021 (test) -14.3905

(val) -14.6013 (test) -14.5914

(val) -13.9460 (test) -13.9366

(val) -15.1509 (test) -15.1484

(val) -14.7032 (test) -14.6895

(val) -14.4963 (test) -14.4893

(val) -14.4026 (test) -14.4014

(val) -14.6525 (test) -14.6484

(val) -13.9217 (test) -13.9176

(val) -13.9262 (test) -13.9201

(val) -13.3965 (test) -13.3835

(val) -14.6419 (test) -14.6222

(val) -14.8811 (test) -14.8623

(val) -14.5336 (test) -14.5135

(val) -14.9081 (test) -14.8962

(val) -13.7785 (test) -13.7680

(val) -14.4368 (test) -14.4218

(val) -14.9755 (test) -14.9577

(val) -13.2650 (test) -13.2624

(val) -14.7512 (test) -14.7413

(val) -15.2766 (test) -15.2612

(val) -13.9876 (test) -13.9740

(val) -14.4052 (test) -14.3912

(val) -14.7715 (test) -14.7573

(val) -14.3610 (test) -14.3494

(val) -14.2599 (test) -14.2441

(val) -13.9484 (test) -13.9292

(val) -15.1541 (test) -15.1333

(val) -14.0949 (test) -14.0770

(val) -13.1499 (test) -13.1407

(val) -14.6628 (test) -14.6525

(val) -13.3156 (test) -13.3113

(val) -15.3507 (test) -15.3399

(val) -14.7434 (test) -14.7331

(val) -14.9848 (test) -14.9708

(val) -14.7778 (test) -14.7637

(val) -14.5638 (test) -14.5592

(val) -14.5202 (test) -14.5097

(val) -14.3579 (test) -14.3493


Result:
{'val': -11.575974649545241, 'test': -11.573706562452237, 'epoch': 21}
{
    "RMSE": 12.874426375267657,
    "MAE": 10.186844825744629,
    "R2": 0.32372552156448364
}
Test score before training: -12.8744
