Running model...
Device:        CUDA
AMP:           False (dtype: torch.bfloat16)
torch.compile: False
Test score before training: -42.2169
[[43.05725772]
 [33.72230846]
 [29.63280632]
 ...
 [33.78919485]
 [72.50120501]
 [44.91544629]]
----------------------------------------------------------------------------------------

(val) -14.3756 (test) -14.4456
New best epoch!

(val) -13.4426 (test) -13.4938
New best epoch!

(val) -13.4273 (test) -13.4918
New best epoch!

(val) -12.5442 (test) -12.5899
New best epoch!

(val) -13.7202 (test) -13.8006

(val) -14.9904 (test) -15.0906

(val) -15.4008 (test) -15.4977

(val) -13.2669 (test) -13.3381

(val) -14.2623 (test) -14.3436

(val) -12.7540 (test) -12.8160

(val) -13.7395 (test) -13.8093

(val) -13.7183 (test) -13.7872

(val) -13.4064 (test) -13.4692

(val) -13.5144 (test) -13.5886

(val) -11.4595 (test) -11.5006
New best epoch!

(val) -11.9203 (test) -11.9702

(val) -15.3522 (test) -15.4251

(val) -14.3986 (test) -14.4727

(val) -12.9712 (test) -13.0328

(val) -13.3041 (test) -13.3637

(val) -13.9601 (test) -14.0262

(val) -12.2422 (test) -12.2880

(val) -12.9124 (test) -12.9657

(val) -11.7457 (test) -11.7817

(val) -12.0916 (test) -12.1387

(val) -13.1334 (test) -13.1944

(val) -12.3665 (test) -12.4075

(val) -12.9981 (test) -13.0492

(val) -12.6749 (test) -12.7274

(val) -12.8354 (test) -12.8846

(val) -13.3506 (test) -13.4066

(val) -12.7065 (test) -12.7585

(val) -14.9793 (test) -15.0444

(val) -13.2718 (test) -13.3277

(val) -11.9546 (test) -11.9938

(val) -13.9778 (test) -14.0307

(val) -12.9267 (test) -12.9786

(val) -13.6245 (test) -13.6737

(val) -11.9192 (test) -11.9575

(val) -13.3905 (test) -13.4455

(val) -13.2943 (test) -13.3467

(val) -12.4502 (test) -12.4948

(val) -12.4123 (test) -12.4576

(val) -12.6098 (test) -12.6573

(val) -12.9352 (test) -12.9821

(val) -13.1397 (test) -13.1832

(val) -12.5656 (test) -12.6109

(val) -13.3506 (test) -13.4015

(val) -12.5805 (test) -12.6204

(val) -14.6124 (test) -14.6715

(val) -11.7641 (test) -11.7966

(val) -13.2750 (test) -13.3163

(val) -12.7432 (test) -12.7870

(val) -12.9921 (test) -13.0405

(val) -13.2241 (test) -13.2684

(val) -12.7409 (test) -12.7854

(val) -13.6373 (test) -13.6888

(val) -13.1473 (test) -13.1881

(val) -12.6094 (test) -12.6537

(val) -12.8217 (test) -12.8668

(val) -12.3608 (test) -12.3975

(val) -12.3952 (test) -12.4330

(val) -12.0391 (test) -12.0782

(val) -13.1081 (test) -13.1533

(val) -12.6992 (test) -12.7430

(val) -12.4817 (test) -12.5255

(val) -13.0193 (test) -13.0649

(val) -12.6854 (test) -12.7291

(val) -12.3402 (test) -12.3781

(val) -13.1365 (test) -13.1860

(val) -12.4640 (test) -12.5055

(val) -12.9446 (test) -12.9832

(val) -13.0437 (test) -13.0912

(val) -12.5042 (test) -12.5363

(val) -11.8169 (test) -11.8456

(val) -11.6905 (test) -11.7232

(val) -13.0909 (test) -13.1343

(val) -13.2682 (test) -13.3103

(val) -12.5773 (test) -12.6124

(val) -11.6896 (test) -11.7203

(val) -12.0820 (test) -12.1096

(val) -12.7165 (test) -12.7520

(val) -11.6432 (test) -11.6726

(val) -13.1992 (test) -13.2455

(val) -13.2829 (test) -13.3321

(val) -12.1616 (test) -12.2000

(val) -12.3623 (test) -12.4000

(val) -12.2849 (test) -12.3230

(val) -12.0036 (test) -12.0387

(val) -12.0575 (test) -12.0953

(val) -12.5485 (test) -12.5834

(val) -13.4143 (test) -13.4568

(val) -12.3995 (test) -12.4327

(val) -12.7710 (test) -12.8053

(val) -12.7172 (test) -12.7501

(val) -12.8014 (test) -12.8318

(val) -12.7598 (test) -12.7957

(val) -12.4380 (test) -12.4728

(val) -11.7864 (test) -11.8111

(val) -12.1829 (test) -12.2133

(val) -12.1909 (test) -12.2261

(val) -12.7310 (test) -12.7617

(val) -12.1152 (test) -12.1504

(val) -12.4317 (test) -12.4678

(val) -12.5655 (test) -12.6014

(val) -12.3830 (test) -12.4193

(val) -12.2731 (test) -12.3103

(val) -12.8295 (test) -12.8693

(val) -12.6221 (test) -12.6654

(val) -11.8454 (test) -11.8695

(val) -12.3769 (test) -12.4160

(val) -12.3975 (test) -12.4265

(val) -11.5914 (test) -11.6179

(val) -12.1289 (test) -12.1584

(val) -12.4532 (test) -12.4903

(val) -12.4214 (test) -12.4569

(val) -12.4051 (test) -12.4382

(val) -12.6621 (test) -12.7012

(val) -12.7198 (test) -12.7561

(val) -12.8676 (test) -12.9058

(val) -12.2176 (test) -12.2499

(val) -12.6006 (test) -12.6389

(val) -12.2381 (test) -12.2747

(val) -12.6881 (test) -12.7204

(val) -12.6356 (test) -12.6708

(val) -11.6677 (test) -11.6972

(val) -12.4993 (test) -12.5317

(val) -12.1802 (test) -12.2087

(val) -12.5856 (test) -12.6156

(val) -13.0907 (test) -13.1321

(val) -12.3370 (test) -12.3736

(val) -12.6738 (test) -12.7091

(val) -12.3943 (test) -12.4275

(val) -12.8599 (test) -12.8941

(val) -11.7366 (test) -11.7617

(val) -12.4324 (test) -12.4654

(val) -12.3690 (test) -12.4001

(val) -13.1858 (test) -13.2224

(val) -12.5533 (test) -12.5865

(val) -12.6244 (test) -12.6593

(val) -12.1832 (test) -12.2129

(val) -12.5331 (test) -12.5639

(val) -11.7536 (test) -11.7780

(val) -12.7498 (test) -12.7843

(val) -11.9903 (test) -12.0197

(val) -12.2032 (test) -12.2292

(val) -12.5401 (test) -12.5740

(val) -11.8430 (test) -11.8700

(val) -12.2109 (test) -12.2396

(val) -12.1823 (test) -12.2109

(val) -12.4584 (test) -12.4888

(val) -12.8076 (test) -12.8463

(val) -12.5851 (test) -12.6217

(val) -12.6331 (test) -12.6670

(val) -12.7115 (test) -12.7483

(val) -12.3826 (test) -12.4116

(val) -12.4548 (test) -12.4906

(val) -12.6188 (test) -12.6525

(val) -12.7002 (test) -12.7328

(val) -11.5791 (test) -11.6065

(val) -12.6351 (test) -12.6710

(val) -12.4350 (test) -12.4700

(val) -12.2291 (test) -12.2624

(val) -12.2861 (test) -12.3143

(val) -12.4964 (test) -12.5270

(val) -12.5293 (test) -12.5615

(val) -12.1758 (test) -12.2055

(val) -12.0261 (test) -12.0530

(val) -12.0274 (test) -12.0581

(val) -12.5709 (test) -12.6063

(val) -12.1823 (test) -12.2124

(val) -12.6243 (test) -12.6579

(val) -12.4032 (test) -12.4331

(val) -12.4495 (test) -12.4814

(val) -12.6316 (test) -12.6633

(val) -12.2225 (test) -12.2524

(val) -12.2293 (test) -12.2642

(val) -12.4015 (test) -12.4354

(val) -12.3811 (test) -12.4145

(val) -12.4348 (test) -12.4659

(val) -12.2140 (test) -12.2470

(val) -12.4296 (test) -12.4603

(val) -12.0235 (test) -12.0545

(val) -12.3765 (test) -12.4067

(val) -11.7403 (test) -11.7693

(val) -12.5450 (test) -12.5756

(val) -12.5650 (test) -12.5990

(val) -12.2634 (test) -12.2931

(val) -12.5329 (test) -12.5642

(val) -12.7691 (test) -12.8030

(val) -12.5227 (test) -12.5551

(val) -12.6427 (test) -12.6778

(val) -12.2109 (test) -12.2454

(val) -12.3401 (test) -12.3739

(val) -12.2398 (test) -12.2697

(val) -12.6016 (test) -12.6324

(val) -11.5680 (test) -11.5965

(val) -12.9709 (test) -13.0046

(val) -12.2364 (test) -12.2745

(val) -12.6088 (test) -12.6433

(val) -12.6966 (test) -12.7326

(val) -12.4128 (test) -12.4429

(val) -12.5300 (test) -12.5657

(val) -12.6336 (test) -12.6716

(val) -12.0536 (test) -12.0826

(val) -12.1866 (test) -12.2142

(val) -12.5374 (test) -12.5763

(val) -11.5992 (test) -11.6252

(val) -12.5524 (test) -12.5911

(val) -12.0803 (test) -12.1106

(val) -12.3468 (test) -12.3787

(val) -12.4937 (test) -12.5250

(val) -12.0334 (test) -12.0633

(val) -12.5419 (test) -12.5761

(val) -12.3202 (test) -12.3545

(val) -12.6050 (test) -12.6371


Result:
{'val': -11.459548793251935, 'test': -11.500627583504004, 'epoch': 14}
{
    "RMSE": 10.741743243654525,
    "MAE": 8.198183059692383,
    "R2": 0.5428550243377686
}
Test score before training: -10.7417
