Running model...
Device:        CUDA
AMP:           False (dtype: torch.bfloat16)
torch.compile: False
Test score before training: -65.3646
[[20.95649447]
 [45.86207493]
 [72.90144449]
 ...
 [49.14476703]
 [18.50464032]
 [34.58322587]]
----------------------------------------------------------------------------------------

(val) -23.8575 (test) -23.9568
New best epoch!

(val) -22.4930 (test) -22.5830
New best epoch!

(val) -21.7754 (test) -21.8297
New best epoch!

(val) -21.6328 (test) -21.6866
New best epoch!

(val) -20.9814 (test) -21.0144
New best epoch!

(val) -24.4145 (test) -24.5332

(val) -24.6355 (test) -24.7584

(val) -20.7889 (test) -20.8112
New best epoch!

(val) -23.0281 (test) -23.1148

(val) -21.0428 (test) -21.0766

(val) -24.8957 (test) -25.0235

(val) -20.8296 (test) -20.8646

(val) -23.9533 (test) -24.0514

(val) -21.6552 (test) -21.7090

(val) -23.7808 (test) -23.8955

(val) -22.6843 (test) -22.7549

(val) -22.7003 (test) -22.7683

(val) -22.6655 (test) -22.7188

(val) -21.6884 (test) -21.7415

(val) -22.1719 (test) -22.2270

(val) -22.9326 (test) -22.9889

(val) -22.6087 (test) -22.6465

(val) -24.1346 (test) -24.2179

(val) -20.7496 (test) -20.7683
New best epoch!

(val) -22.0979 (test) -22.1732

(val) -21.0453 (test) -21.0450

(val) -21.3277 (test) -21.3835

(val) -20.0994 (test) -20.1003
New best epoch!

(val) -21.2287 (test) -21.2741

(val) -24.0782 (test) -24.1590

(val) -20.5251 (test) -20.5207

(val) -22.5215 (test) -22.5653

(val) -20.1455 (test) -20.1302

(val) -22.3514 (test) -22.4475

(val) -21.1189 (test) -21.1415

(val) -20.3619 (test) -20.3582

(val) -22.6160 (test) -22.6714

(val) -21.8768 (test) -21.9504

(val) -23.2898 (test) -23.3658

(val) -19.8664 (test) -19.8556
New best epoch!

(val) -20.5884 (test) -20.6426

(val) -23.6551 (test) -23.7541

(val) -21.9577 (test) -22.0222

(val) -22.0542 (test) -22.1215

(val) -24.9473 (test) -25.0009

(val) -21.6644 (test) -21.7131

(val) -23.0673 (test) -23.1393

(val) -22.0628 (test) -22.1091

(val) -20.2891 (test) -20.2930

(val) -23.0034 (test) -23.0686

(val) -22.3105 (test) -22.3463

(val) -21.7097 (test) -21.7675

(val) -22.9502 (test) -23.0027

(val) -21.9702 (test) -22.0067

(val) -23.0954 (test) -23.1440

(val) -21.6777 (test) -21.7385

(val) -21.9940 (test) -22.0336

(val) -21.8406 (test) -21.8897

(val) -22.1751 (test) -22.2225

(val) -24.0856 (test) -24.1733

(val) -20.7508 (test) -20.7912

(val) -22.0924 (test) -22.1743

(val) -22.1467 (test) -22.1972

(val) -21.4906 (test) -21.5371

(val) -22.8018 (test) -22.8567

(val) -23.5940 (test) -23.6705

(val) -23.3982 (test) -23.4731

(val) -24.2165 (test) -24.3209

(val) -23.7178 (test) -23.8137

(val) -23.4342 (test) -23.5041

(val) -21.0890 (test) -21.1399

(val) -22.9193 (test) -22.9761

(val) -22.8901 (test) -22.9829

(val) -21.8331 (test) -21.9204

(val) -21.0154 (test) -21.0504

(val) -21.1066 (test) -21.1637

(val) -23.7455 (test) -23.8471

(val) -22.8875 (test) -22.9841

(val) -21.9794 (test) -22.0469

(val) -21.2686 (test) -21.3186

(val) -23.2393 (test) -23.3073

(val) -22.6896 (test) -22.7759

(val) -23.3072 (test) -23.3886

(val) -21.6684 (test) -21.7569

(val) -21.8871 (test) -21.9869

(val) -23.9566 (test) -24.0473

(val) -21.6710 (test) -21.7594

(val) -20.0310 (test) -20.0835

(val) -22.8734 (test) -22.9536

(val) -24.5610 (test) -24.6904

(val) -21.7553 (test) -21.8229

(val) -22.0147 (test) -22.0776

(val) -22.1781 (test) -22.2515

(val) -20.5128 (test) -20.5663

(val) -23.0626 (test) -23.1570

(val) -21.2021 (test) -21.2602

(val) -22.3979 (test) -22.4753

(val) -21.8655 (test) -21.9439

(val) -23.2219 (test) -23.3227

(val) -22.7472 (test) -22.8276

(val) -23.6667 (test) -23.7609

(val) -22.4602 (test) -22.5376

(val) -22.2676 (test) -22.3700

(val) -23.1639 (test) -23.2837

(val) -21.8471 (test) -21.9310

(val) -23.7838 (test) -23.8851

(val) -24.3409 (test) -24.4349

(val) -21.3379 (test) -21.4286

(val) -23.9535 (test) -24.0564

(val) -21.7390 (test) -21.8160

(val) -21.5304 (test) -21.5939

(val) -23.4913 (test) -23.5782

(val) -23.0799 (test) -23.1621

(val) -20.7855 (test) -20.8406

(val) -22.8898 (test) -22.9828

(val) -25.4020 (test) -25.5044

(val) -22.9492 (test) -23.0595

(val) -23.3261 (test) -23.4249

(val) -21.1096 (test) -21.1859

(val) -21.0683 (test) -21.1327

(val) -22.8622 (test) -22.9541

(val) -22.8881 (test) -22.9697

(val) -21.5627 (test) -21.6552

(val) -22.0639 (test) -22.1499

(val) -23.7225 (test) -23.8197

(val) -21.4203 (test) -21.4810

(val) -21.3550 (test) -21.4470

(val) -21.9075 (test) -22.0070

(val) -21.5590 (test) -21.6295

(val) -21.4329 (test) -21.5032

(val) -21.4371 (test) -21.5217

(val) -22.0759 (test) -22.1590

(val) -23.0462 (test) -23.1545

(val) -22.8126 (test) -22.9145

(val) -20.9890 (test) -21.0539

(val) -22.3590 (test) -22.4360

(val) -22.8121 (test) -22.9128

(val) -22.5914 (test) -22.6687

(val) -22.8698 (test) -22.9655

(val) -23.5429 (test) -23.6508

(val) -20.6194 (test) -20.6594

(val) -21.3737 (test) -21.4507

(val) -21.7374 (test) -21.8054

(val) -22.0614 (test) -22.1301

(val) -22.6415 (test) -22.7353

(val) -22.7116 (test) -22.8101

(val) -21.9663 (test) -22.0450

(val) -21.2459 (test) -21.3199

(val) -21.6630 (test) -21.7285

(val) -22.0379 (test) -22.1053

(val) -21.7679 (test) -21.8214

(val) -23.0542 (test) -23.1448

(val) -21.8975 (test) -21.9612

(val) -21.2592 (test) -21.3116

(val) -22.1120 (test) -22.1858

(val) -22.8206 (test) -22.8973

(val) -21.5623 (test) -21.6294

(val) -21.8764 (test) -21.9499

(val) -21.7822 (test) -21.8319

(val) -22.3355 (test) -22.4124

(val) -22.9258 (test) -23.0062

(val) -22.9444 (test) -22.9993

(val) -22.3192 (test) -22.3927

(val) -21.8766 (test) -21.9462

(val) -22.9017 (test) -22.9893

(val) -23.1804 (test) -23.2748

(val) -20.9945 (test) -21.0477

(val) -22.9959 (test) -23.0758

(val) -21.7221 (test) -21.7742

(val) -22.1335 (test) -22.2259

(val) -22.3557 (test) -22.4297

(val) -22.2069 (test) -22.2904

(val) -22.4327 (test) -22.5108

(val) -21.3494 (test) -21.3993

(val) -21.4837 (test) -21.5412

(val) -22.9767 (test) -23.0707

(val) -21.2490 (test) -21.3115

(val) -24.3511 (test) -24.4512

(val) -22.3120 (test) -22.4177

(val) -22.0433 (test) -22.1241

(val) -21.4374 (test) -21.5055

(val) -22.7874 (test) -22.8863

(val) -22.7479 (test) -22.8396

(val) -23.3924 (test) -23.4770

(val) -21.4761 (test) -21.5371

(val) -21.3754 (test) -21.4402

(val) -22.9148 (test) -23.0002

(val) -21.9309 (test) -22.0022

(val) -22.3521 (test) -22.4373

(val) -21.4806 (test) -21.5465

(val) -21.7787 (test) -21.8567

(val) -22.0230 (test) -22.1087

(val) -21.2949 (test) -21.3616

(val) -22.9969 (test) -23.0996

(val) -23.4605 (test) -23.5556

(val) -22.2574 (test) -22.3302

(val) -22.6112 (test) -22.6912

(val) -24.1216 (test) -24.2331

(val) -23.7165 (test) -23.8215

(val) -22.2786 (test) -22.3562

(val) -21.3893 (test) -21.4526

(val) -21.9029 (test) -21.9812

(val) -21.2468 (test) -21.3173

(val) -21.8088 (test) -21.8868

(val) -21.4652 (test) -21.5184

(val) -21.0175 (test) -21.0782

(val) -21.8861 (test) -21.9491

(val) -23.3629 (test) -23.4556

(val) -22.4833 (test) -22.5645

(val) -23.5255 (test) -23.6225

(val) -22.2905 (test) -22.3579

(val) -23.6567 (test) -23.7501

(val) -23.5247 (test) -23.6015

(val) -21.9217 (test) -21.9842

(val) -21.7184 (test) -21.7743

(val) -22.0288 (test) -22.1139

(val) -22.1063 (test) -22.1840

(val) -21.8581 (test) -21.9285

(val) -22.3525 (test) -22.4218

(val) -22.7533 (test) -22.8501

(val) -23.4101 (test) -23.4983

(val) -21.7656 (test) -21.8401

(val) -20.9894 (test) -21.0437

(val) -22.3016 (test) -22.3732

(val) -22.5683 (test) -22.6643

(val) -21.3833 (test) -21.4410

(val) -22.2970 (test) -22.3747

(val) -21.7737 (test) -21.8358

(val) -21.6990 (test) -21.7698

(val) -22.6115 (test) -22.6832

(val) -23.2173 (test) -23.3026

(val) -22.5559 (test) -22.6486

(val) -22.0105 (test) -22.0823

(val) -22.3339 (test) -22.4202

(val) -23.3372 (test) -23.4442

(val) -22.3614 (test) -22.4554

(val) -21.3525 (test) -21.4232

(val) -21.3718 (test) -21.4600

(val) -22.2679 (test) -22.3406

(val) -21.2895 (test) -21.3413

(val) -21.8751 (test) -21.9445


Result:
{'val': -19.866365680505393, 'test': -19.855628211660477, 'epoch': 39}
{
    "RMSE": 20.75918633132503,
    "MAE": 15.711471557617188,
    "R2": 0.4201115369796753
}
Test score before training: -20.7592
